#
# There is insufficient memory for the Java Runtime Environment to continue.
# Native memory allocation (mmap) failed to map 694157312 bytes for Failed to commit area from 0x0000000096900000 to 0x00000000bff00000 of length 694157312.
# Possible reasons:
#   The system is out of physical RAM or swap space
#   The process is running with CompressedOops enabled, and the Java Heap may be blocking the growth of the native heap
# Possible solutions:
#   Reduce memory load on the system
#   Increase physical memory or swap space
#   Check if swap backing store is full
#   Decrease Java heap size (-Xmx/-Xms)
#   Decrease number of Java threads
#   Decrease Java thread stack sizes (-Xss)
#   Set larger code cache with -XX:ReservedCodeCacheSize=
#   JVM is running with Unscaled Compressed Oops mode in which the Java heap is
#     placed in the first 4GB address space. The Java Heap base address is the
#     maximum limit for the native heap growth. Please use -XX:HeapBaseMinAddress
#     to set the Java Heap base and to place the Java Heap above 4GB virtual address.
# This output file may be truncated or incomplete.
#
#  Out of Memory Error (./src/hotspot/os/windows/os_windows.cpp:3521), pid=7052, tid=1624
#
# JRE version: OpenJDK Runtime Environment (11.0.12+7) (build 11.0.12+7-b1504.28-7817840)
# Java VM: OpenJDK 64-Bit Server VM (11.0.12+7-b1504.28-7817840, mixed mode, tiered, compressed oops, g1 gc, windows-amd64)
# No core dump will be written. Minidumps are not enabled by default on client versions of Windows
#

---------------  S U M M A R Y ------------

Command Line: --add-opens=java.base/java.util=ALL-UNNAMED --add-opens=java.base/java.lang=ALL-UNNAMED --add-opens=java.base/java.lang.invoke=ALL-UNNAMED --add-opens=java.base/java.util=ALL-UNNAMED --add-opens=java.prefs/java.util.prefs=ALL-UNNAMED --add-opens=java.prefs/java.util.prefs=ALL-UNNAMED --add-opens=java.base/java.nio.charset=ALL-UNNAMED --add-opens=java.base/java.net=ALL-UNNAMED --add-opens=java.base/java.util.concurrent.atomic=ALL-UNNAMED -Xmx2048m -Dfile.encoding=UTF-8 -Duser.country=RU -Duser.language=ru -Duser.variant org.gradle.launcher.daemon.bootstrap.GradleDaemon 7.3.3

Host: Intel(R) Core(TM) i3-6006U CPU @ 2.00GHz, 4 cores, 3G,  Windows 10 , 64 bit Build 19041 (10.0.19041.1645)
Time: Sat Aug 20 14:07:20 2022 Западная Азия (зима) elapsed time: 1370.129988 seconds (0d 0h 22m 50s)

---------------  T H R E A D  ---------------

Current thread (0x0000020b204be800):  VMThread "VM Thread" [stack: 0x00000035aac00000,0x00000035aad00000] [id=1624]

Stack: [0x00000035aac00000,0x00000035aad00000]
[error occurred during error reporting (printing stack bounds), id 0xc0000005, EXCEPTION_ACCESS_VIOLATION (0xc0000005) at pc=0x0000020b09c8112d]

Native frames: (J=compiled Java code, j=interpreted, Vv=VM code, C=native code)
V  [jvm.dll+0x5fbcea]
V  [jvm.dll+0x731905]
V  [jvm.dll+0x732f1d]
V  [jvm.dll+0x733535]
V  [jvm.dll+0x7334eb]
V  [jvm.dll+0x5fb080]
V  [jvm.dll+0x5fb818]
C  [ntdll.dll+0xa20cf]
C  [ntdll.dll+0x51454]
C  [ntdll.dll+0xa0bfe]
C  0x0000020b09c8112d

VM_Operation (0x00000035ad4f8f50): G1CollectForAllocation, mode: safepoint, requested by thread 0x0000020b2755a800


---------------  P R O C E S S  ---------------

Threads class SMR info:
_java_thread_list=0x0000020b2c43e5d0, length=87, elements={
0x0000020b0614b000, 0x0000020b204c6000, 0x0000020b204d2000, 0x0000020b204e7800,
0x0000020b204e8800, 0x0000020b204ea000, 0x0000020b20530800, 0x0000020b2053b800,
0x0000020b20544800, 0x0000020b2100c000, 0x0000020b227b7000, 0x0000020b2257e000,
0x0000020b22673000, 0x0000020b2176a800, 0x0000020b2176c000, 0x0000020b21766800,
0x0000020b21767800, 0x0000020b21768000, 0x0000020b24c00800, 0x0000020b24bfc800,
0x0000020b24c01000, 0x0000020b24c03000, 0x0000020b24c03800, 0x0000020b22800800,
0x0000020b22801800, 0x0000020b25607000, 0x0000020b29c8a800, 0x0000020b27550800,
0x0000020b2754c800, 0x0000020b27551800, 0x0000020b2754c000, 0x0000020b27553000,
0x0000020b27550000, 0x0000020b2754e800, 0x0000020b27552800, 0x0000020b2754d800,
0x0000020b27559800, 0x0000020b27558000, 0x0000020b27555000, 0x0000020b27559000,
0x0000020b27554000, 0x0000020b27556800, 0x0000020b2755a800, 0x0000020b27557000,
0x0000020b27555800, 0x0000020b29c84000, 0x0000020b29c7e000, 0x0000020b29c82800,
0x0000020b29c84800, 0x0000020b29c7f000, 0x0000020b29c85800, 0x0000020b29c81800,
0x0000020b29c83000, 0x0000020b29c80800, 0x0000020b29c80000, 0x0000020b29c86800,
0x0000020b29c8d000, 0x0000020b29c8b800, 0x0000020b29c87000, 0x0000020b29c88000,
0x0000020b29c8c000, 0x0000020b29c89000, 0x0000020b29c89800, 0x0000020b25602800,
0x0000020b25607800, 0x0000020b25603800, 0x0000020b25604800, 0x0000020b25606000,
0x0000020b25605000, 0x0000020b25602000, 0x0000020b2560c800, 0x0000020b25608800,
0x0000020b2560f000, 0x0000020b25609800, 0x0000020b2560b800, 0x0000020b2560d800,
0x0000020b2560a000, 0x0000020b2560e000, 0x0000020b25610800, 0x0000020b2560b000,
0x0000020b227f8000, 0x0000020b227fb000, 0x0000020b227f8800, 0x0000020b227f9800,
0x0000020b227fa000, 0x0000020b227f5800, 0x0000020b28f56000
}

Java Threads: ( => current thread )
  0x0000020b0614b000 JavaThread "main" [_thread_blocked, id=3204, stack(0x00000035aa600000,0x00000035aa700000)]
  0x0000020b204c6000 JavaThread "Reference Handler" daemon [_thread_blocked, id=7016, stack(0x00000035aad00000,0x00000035aae00000)]
  0x0000020b204d2000 JavaThread "Finalizer" daemon [_thread_blocked, id=7348, stack(0x00000035aae00000,0x00000035aaf00000)]
  0x0000020b204e7800 JavaThread "Signal Dispatcher" daemon [_thread_blocked, id=1396, stack(0x00000035aaf00000,0x00000035ab000000)]
  0x0000020b204e8800 JavaThread "Attach Listener" daemon [_thread_blocked, id=5576, stack(0x00000035ab000000,0x00000035ab100000)]
  0x0000020b204ea000 JavaThread "Service Thread" daemon [_thread_blocked, id=7640, stack(0x00000035ab100000,0x00000035ab200000)]
  0x0000020b20530800 JavaThread "C2 CompilerThread0" daemon [_thread_blocked, id=3732, stack(0x00000035ab200000,0x00000035ab300000)]
  0x0000020b2053b800 JavaThread "C1 CompilerThread0" daemon [_thread_blocked, id=3836, stack(0x00000035ab300000,0x00000035ab400000)]
  0x0000020b20544800 JavaThread "Sweeper thread" daemon [_thread_blocked, id=4460, stack(0x00000035ab400000,0x00000035ab500000)]
  0x0000020b2100c000 JavaThread "Common-Cleaner" daemon [_thread_blocked, id=1080, stack(0x00000035ab500000,0x00000035ab600000)]
  0x0000020b227b7000 JavaThread "Daemon health stats" [_thread_blocked, id=6928, stack(0x00000035ab900000,0x00000035aba00000)]
  0x0000020b2257e000 JavaThread "Incoming local TCP Connector on port 49948" [_thread_in_native, id=4172, stack(0x00000035ab800000,0x00000035ab900000)]
  0x0000020b22673000 JavaThread "Daemon periodic checks" [_thread_blocked, id=5056, stack(0x00000035aba00000,0x00000035abb00000)]
  0x0000020b2176a800 JavaThread "Cache worker for journal cache (C:\Users\User\.gradle\caches\journal-1)" [_thread_blocked, id=916, stack(0x00000035ac400000,0x00000035ac500000)]
  0x0000020b2176c000 JavaThread "File lock request listener" [_thread_in_native, id=1040, stack(0x00000035ac500000,0x00000035ac600000)]
  0x0000020b21766800 JavaThread "Cache worker for file hash cache (C:\Users\User\.gradle\caches\7.3.3\fileHashes)" [_thread_blocked, id=6588, stack(0x00000035ac600000,0x00000035ac700000)]
  0x0000020b21767800 JavaThread "File watcher server" daemon [_thread_blocked, id=6400, stack(0x00000035ac800000,0x00000035ac900000)]
  0x0000020b21768000 JavaThread "File watcher consumer" daemon [_thread_blocked, id=4780, stack(0x00000035ac900000,0x00000035aca00000)]
  0x0000020b24c00800 JavaThread "Cache worker for execution history cache (C:\Users\User\.gradle\caches\7.3.3\executionHistory)" [_thread_blocked, id=5208, stack(0x00000035acd00000,0x00000035ace00000)]
  0x0000020b24bfc800 JavaThread "jar transforms" [_thread_blocked, id=1964, stack(0x00000035ace00000,0x00000035acf00000)]
  0x0000020b24c01000 JavaThread "Cache worker for file content cache (C:\Users\User\.gradle\caches\7.3.3\fileContent)" [_thread_blocked, id=7540, stack(0x00000035acf00000,0x00000035ad000000)]
  0x0000020b24c03000 JavaThread "jar transforms Thread 2" [_thread_blocked, id=3492, stack(0x00000035ad000000,0x00000035ad100000)]
  0x0000020b24c03800 JavaThread "jar transforms Thread 3" [_thread_blocked, id=4136, stack(0x00000035ad200000,0x00000035ad300000)]
  0x0000020b22800800 JavaThread "jar transforms Thread 4" [_thread_blocked, id=4152, stack(0x00000035afc00000,0x00000035afd00000)]
  0x0000020b22801800 JavaThread "Memory manager" [_thread_blocked, id=2272, stack(0x00000035afd00000,0x00000035afe00000)]
  0x0000020b25607000 JavaThread "Cache worker for Java compile cache (C:\Users\User\.gradle\caches\7.3.3\javaCompile)" [_thread_blocked, id=5768, stack(0x00000035aa400000,0x00000035aa500000)]
  0x0000020b29c8a800 JavaThread "ForkJoinPool.commonPool-worker-7" daemon [_thread_blocked, id=1188, stack(0x00000035b0a00000,0x00000035b0b00000)]
  0x0000020b27550800 JavaThread "Daemon Thread 5" [_thread_blocked, id=5952, stack(0x00000035aa300000,0x00000035aa400000)]
  0x0000020b2754c800 JavaThread "Handler for socket connection from /127.0.0.1:49948 to /127.0.0.1:50011" [_thread_in_native, id=7148, stack(0x00000035aa500000,0x00000035aa600000)]
  0x0000020b27551800 JavaThread "Cancel handler" [_thread_blocked, id=5764, stack(0x00000035abb00000,0x00000035abc00000)]
  0x0000020b2754c000 JavaThread "Daemon worker Thread 5" [_thread_blocked, id=7660, stack(0x00000035abc00000,0x00000035abd00000)]
  0x0000020b27553000 JavaThread "Asynchronous log dispatcher for DefaultDaemonConnection: socket connection from /127.0.0.1:49948 to /127.0.0.1:50011" [_thread_blocked, id=2980, stack(0x00000035abd00000,0x00000035abe00000)]
  0x0000020b27550000 JavaThread "Stdin handler" [_thread_blocked, id=1952, stack(0x00000035abe00000,0x00000035abf00000)]
  0x0000020b2754e800 JavaThread "Daemon client event forwarder" [_thread_blocked, id=7284, stack(0x00000035ac000000,0x00000035ac100000)]
  0x0000020b27552800 JavaThread "Cache worker for file hash cache (D:\JAVA\AmaliyDars\PDP Task\GridView_Task461\.gradle\7.3.3\fileHashes)" [_thread_blocked, id=3024, stack(0x00000035ac100000,0x00000035ac200000)]
  0x0000020b2754d800 JavaThread "Cache worker for checksums cache (D:\JAVA\AmaliyDars\PDP Task\GridView_Task461\.gradle\7.3.3\checksums)" [_thread_blocked, id=5116, stack(0x00000035ac200000,0x00000035ac300000)]
  0x0000020b27559800 JavaThread "Cache worker for cache directory md-supplier (C:\Users\User\.gradle\caches\7.3.3\md-supplier)" [_thread_blocked, id=5512, stack(0x00000035ac700000,0x00000035ac800000)]
  0x0000020b27558000 JavaThread "Cache worker for cache directory md-rule (C:\Users\User\.gradle\caches\7.3.3\md-rule)" [_thread_blocked, id=3344, stack(0x00000035aca00000,0x00000035acb00000)]
  0x0000020b27555000 JavaThread "Cache worker for dependencies-accessors (D:\JAVA\AmaliyDars\PDP Task\GridView_Task461\.gradle\7.3.3\dependencies-accessors)" [_thread_blocked, id=6968, stack(0x00000035acb00000,0x00000035acc00000)]
  0x0000020b27559000 JavaThread "Cache worker for Build Output Cleanup Cache (D:\JAVA\AmaliyDars\PDP Task\GridView_Task461\.gradle\buildOutputCleanup)" [_thread_blocked, id=4388, stack(0x00000035acc00000,0x00000035acd00000)]
  0x0000020b27554000 JavaThread "Unconstrained build operations" [_thread_blocked, id=108, stack(0x00000035ad100000,0x00000035ad200000)]
  0x0000020b27556800 JavaThread "Unconstrained build operations Thread 2" [_thread_blocked, id=2596, stack(0x00000035ad300000,0x00000035ad400000)]
  0x0000020b2755a800 JavaThread "Unconstrained build operations Thread 3" [_thread_blocked, id=3508, stack(0x00000035ad400000,0x00000035ad500000)]
  0x0000020b27557000 JavaThread "Unconstrained build operations Thread 4" [_thread_blocked, id=5688, stack(0x00000035ad500000,0x00000035ad600000)]
  0x0000020b27555800 JavaThread "Unconstrained build operations Thread 5" [_thread_blocked, id=3704, stack(0x00000035ad600000,0x00000035ad700000)]
  0x0000020b29c84000 JavaThread "Unconstrained build operations Thread 6" [_thread_blocked, id=7760, stack(0x00000035ad700000,0x00000035ad800000)]
  0x0000020b29c7e000 JavaThread "Unconstrained build operations Thread 7" [_thread_blocked, id=3700, stack(0x00000035ad800000,0x00000035ad900000)]
  0x0000020b29c82800 JavaThread "Unconstrained build operations Thread 8" [_thread_blocked, id=5792, stack(0x00000035ad900000,0x00000035ada00000)]
  0x0000020b29c84800 JavaThread "Unconstrained build operations Thread 9" [_thread_blocked, id=6264, stack(0x00000035ada00000,0x00000035adb00000)]
  0x0000020b29c7f000 JavaThread "Unconstrained build operations Thread 10" [_thread_blocked, id=2776, stack(0x00000035adb00000,0x00000035adc00000)]
  0x0000020b29c85800 JavaThread "Unconstrained build operations Thread 11" [_thread_blocked, id=7960, stack(0x00000035adc00000,0x00000035add00000)]
  0x0000020b29c81800 JavaThread "Unconstrained build operations Thread 12" [_thread_blocked, id=5896, stack(0x00000035add00000,0x00000035ade00000)]
  0x0000020b29c83000 JavaThread "Unconstrained build operations Thread 13" [_thread_blocked, id=1164, stack(0x00000035ade00000,0x00000035adf00000)]
  0x0000020b29c80800 JavaThread "Unconstrained build operations Thread 14" [_thread_blocked, id=8180, stack(0x00000035adf00000,0x00000035ae000000)]
  0x0000020b29c80000 JavaThread "Unconstrained build operations Thread 15" [_thread_blocked, id=2224, stack(0x00000035ae000000,0x00000035ae100000)]
  0x0000020b29c86800 JavaThread "Unconstrained build operations Thread 16" [_thread_blocked, id=7532, stack(0x00000035ae100000,0x00000035ae200000)]
  0x0000020b29c8d000 JavaThread "Unconstrained build operations Thread 17" [_thread_blocked, id=4960, stack(0x00000035ae200000,0x00000035ae300000)]
  0x0000020b29c8b800 JavaThread "Unconstrained build operations Thread 18" [_thread_blocked, id=3996, stack(0x00000035ae300000,0x00000035ae400000)]
  0x0000020b29c87000 JavaThread "Unconstrained build operations Thread 19" [_thread_blocked, id=5568, stack(0x00000035ae400000,0x00000035ae500000)]
  0x0000020b29c88000 JavaThread "Unconstrained build operations Thread 20" [_thread_blocked, id=8152, stack(0x00000035ae500000,0x00000035ae600000)]
  0x0000020b29c8c000 JavaThread "Unconstrained build operations Thread 21" [_thread_blocked, id=7732, stack(0x00000035ae600000,0x00000035ae700000)]
  0x0000020b29c89000 JavaThread "Unconstrained build operations Thread 22" [_thread_blocked, id=2288, stack(0x00000035ae700000,0x00000035ae800000)]
  0x0000020b29c89800 JavaThread "Unconstrained build operations Thread 23" [_thread_blocked, id=5540, stack(0x00000035ae800000,0x00000035ae900000)]
  0x0000020b25602800 JavaThread "Unconstrained build operations Thread 24" [_thread_blocked, id=7356, stack(0x00000035ae900000,0x00000035aea00000)]
  0x0000020b25607800 JavaThread "Unconstrained build operations Thread 25" [_thread_blocked, id=2176, stack(0x00000035aea00000,0x00000035aeb00000)]
  0x0000020b25603800 JavaThread "Unconstrained build operations Thread 26" [_thread_blocked, id=2276, stack(0x00000035aeb00000,0x00000035aec00000)]
  0x0000020b25604800 JavaThread "Unconstrained build operations Thread 27" [_thread_blocked, id=1632, stack(0x00000035aec00000,0x00000035aed00000)]
  0x0000020b25606000 JavaThread "Unconstrained build operations Thread 28" [_thread_blocked, id=3396, stack(0x00000035aed00000,0x00000035aee00000)]
  0x0000020b25605000 JavaThread "Unconstrained build operations Thread 29" [_thread_blocked, id=6868, stack(0x00000035aee00000,0x00000035aef00000)]
  0x0000020b25602000 JavaThread "Unconstrained build operations Thread 30" [_thread_blocked, id=5448, stack(0x00000035aef00000,0x00000035af000000)]
  0x0000020b2560c800 JavaThread "Unconstrained build operations Thread 31" [_thread_blocked, id=2864, stack(0x00000035af000000,0x00000035af100000)]
  0x0000020b25608800 JavaThread "Unconstrained build operations Thread 32" [_thread_blocked, id=7424, stack(0x00000035af100000,0x00000035af200000)]
  0x0000020b2560f000 JavaThread "Unconstrained build operations Thread 33" [_thread_blocked, id=2972, stack(0x00000035af200000,0x00000035af300000)]
  0x0000020b25609800 JavaThread "Unconstrained build operations Thread 34" [_thread_blocked, id=1196, stack(0x00000035af300000,0x00000035af400000)]
  0x0000020b2560b800 JavaThread "Unconstrained build operations Thread 35" [_thread_blocked, id=2144, stack(0x00000035af400000,0x00000035af500000)]
  0x0000020b2560d800 JavaThread "Unconstrained build operations Thread 36" [_thread_blocked, id=6296, stack(0x00000035af500000,0x00000035af600000)]
  0x0000020b2560a000 JavaThread "Unconstrained build operations Thread 37" [_thread_blocked, id=32, stack(0x00000035af600000,0x00000035af700000)]
  0x0000020b2560e000 JavaThread "Unconstrained build operations Thread 38" [_thread_blocked, id=5052, stack(0x00000035af700000,0x00000035af800000)]
  0x0000020b25610800 JavaThread "Unconstrained build operations Thread 39" [_thread_blocked, id=6272, stack(0x00000035af800000,0x00000035af900000)]
  0x0000020b2560b000 JavaThread "Unconstrained build operations Thread 40" [_thread_blocked, id=6724, stack(0x00000035af900000,0x00000035afa00000)]
  0x0000020b227f8000 JavaThread "build event listener" [_thread_blocked, id=7736, stack(0x00000035afa00000,0x00000035afb00000)]
  0x0000020b227fb000 JavaThread "Execution worker for ':'" [_thread_blocked, id=4600, stack(0x00000035afb00000,0x00000035afc00000)]
  0x0000020b227f8800 JavaThread "Execution worker for ':' Thread 2" [_thread_blocked, id=1332, stack(0x00000035afe00000,0x00000035aff00000)]
  0x0000020b227f9800 JavaThread "Execution worker for ':' Thread 3" [_thread_blocked, id=2996, stack(0x00000035aff00000,0x00000035b0000000)]
  0x0000020b227fa000 JavaThread "Cache worker for execution history cache (D:\JAVA\AmaliyDars\PDP Task\GridView_Task461\.gradle\7.3.3\executionHistory)" [_thread_blocked, id=236, stack(0x00000035b0000000,0x00000035b0100000)]
  0x0000020b227f5800 JavaThread "WorkerExecutor Queue" [_thread_blocked, id=6680, stack(0x00000035b0100000,0x00000035b0200000)]
  0x0000020b28f56000 JavaThread "C2 CompilerThread1" daemon [_thread_blocked, id=4860, stack(0x00000035b0200000,0x00000035b0300000)]

Other Threads:
=>0x0000020b204be800 VMThread "VM Thread" [stack: 0x00000035aac00000,0x00000035aad00000] [id=1624]
  0x0000020b21011000 WatcherThread [stack: 0x00000035ab600000,0x00000035ab700000] [id=6188]
  0x0000020b06164000 GCTaskThread "GC Thread#0" [stack: 0x00000035aa700000,0x00000035aa800000] [id=5172]
  0x0000020b21844000 GCTaskThread "GC Thread#1" [stack: 0x00000035ab700000,0x00000035ab800000] [id=3120]
  0x0000020b21634800 GCTaskThread "GC Thread#2" [stack: 0x00000035abf00000,0x00000035ac000000] [id=7716]
  0x0000020b213da800 GCTaskThread "GC Thread#3" [stack: 0x00000035ac300000,0x00000035ac400000] [id=3572]
  0x0000020b06195800 ConcurrentGCThread "G1 Main Marker" [stack: 0x00000035aa800000,0x00000035aa900000] [id=7776]
  0x0000020b06196800 ConcurrentGCThread "G1 Conc#0" [stack: 0x00000035aa900000,0x00000035aaa00000] [id=7520]
  0x0000020b061ee800 ConcurrentGCThread "G1 Refine#0" [stack: 0x00000035aaa00000,0x00000035aab00000] [id=6520]
  0x0000020b061ef800 ConcurrentGCThread "G1 Young RemSet Sampling" [stack: 0x00000035aab00000,0x00000035aac00000] [id=1092]

Threads with active compile tasks:
C2 CompilerThread01383259 21959       4       java.util.HashMap::hash (20 bytes)
C2 CompilerThread11383259 21941       4       com.android.tools.r8.internal.xa::a (6068 bytes)

VM state:at safepoint (normal execution)

VM Mutex/Monitor currently owned by a thread:  ([mutex/lock_event])
[0x0000020b06146200] Threads_lock - owner thread: 0x0000020b204be800
[0x0000020b06147760] Heap_lock - owner thread: 0x0000020b2755a800

Heap address: 0x0000000080000000, size: 2048 MB, Compressed Oops mode: 32-bit
Narrow klass base: 0x0000000000000000, Narrow klass shift: 3
Compressed class space size: 1073741824 Address: 0x0000000100000000

Heap:
 garbage-first heap   total 1047552K, used 166695K [0x0000000080000000, 0x0000000100000000)
  region size 1024K, 3 young (3072K), 3 survivors (3072K)
 Metaspace       used 122509K, capacity 125824K, committed 126080K, reserved 1159168K
  class space    used 15409K, capacity 16651K, committed 16768K, reserved 1048576K
Heap Regions: E=young(eden), S=young(survivor), O=old, HS=humongous(starts), HC=humongous(continues), CS=collection set, F=free, A=archive, TAMS=top-at-mark-start (previous, next)
|   0|0x0000000080000000, 0x0000000080100000, 0x0000000080100000|100%| O|  |TAMS 0x0000000080100000, 0x0000000080000000| Updating 
|   1|0x0000000080100000, 0x0000000080200000, 0x0000000080200000|100%| O|  |TAMS 0x0000000080200000, 0x0000000080100000| Updating 
|   2|0x0000000080200000, 0x0000000080300000, 0x0000000080300000|100%| O|  |TAMS 0x0000000080300000, 0x0000000080200000| Updating 
|   3|0x0000000080300000, 0x0000000080400000, 0x0000000080400000|100%|HS|  |TAMS 0x0000000080400000, 0x0000000080300000| Complete 
|   4|0x0000000080400000, 0x0000000080500000, 0x0000000080500000|100%|HC|  |TAMS 0x0000000080500000, 0x0000000080400000| Complete 
|   5|0x0000000080500000, 0x0000000080600000, 0x0000000080600000|100%|HC|  |TAMS 0x0000000080600000, 0x0000000080500000| Complete 
|   6|0x0000000080600000, 0x0000000080700000, 0x0000000080700000|100%| O|  |TAMS 0x0000000080700000, 0x0000000080600000| Updating 
|   7|0x0000000080700000, 0x0000000080800000, 0x0000000080800000|100%| O|  |TAMS 0x0000000080800000, 0x0000000080700000| Updating 
|   8|0x0000000080800000, 0x0000000080900000, 0x0000000080900000|100%| O|  |TAMS 0x0000000080900000, 0x0000000080800000| Updating 
|   9|0x0000000080900000, 0x0000000080a00000, 0x0000000080a00000|100%| O|  |TAMS 0x0000000080a00000, 0x0000000080900000| Updating 
|  10|0x0000000080a00000, 0x0000000080b00000, 0x0000000080b00000|100%| O|  |TAMS 0x0000000080b00000, 0x0000000080a00000| Updating 
|  11|0x0000000080b00000, 0x0000000080c00000, 0x0000000080c00000|100%| O|  |TAMS 0x0000000080c00000, 0x0000000080b00000| Updating 
|  12|0x0000000080c00000, 0x0000000080d00000, 0x0000000080d00000|100%| O|  |TAMS 0x0000000080d00000, 0x0000000080c00000| Updating 
|  13|0x0000000080d00000, 0x0000000080e00000, 0x0000000080e00000|100%| O|  |TAMS 0x0000000080e00000, 0x0000000080d00000| Updating 
|  14|0x0000000080e00000, 0x0000000080f00000, 0x0000000080f00000|100%| O|  |TAMS 0x0000000080f00000, 0x0000000080e00000| Updating 
|  15|0x0000000080f00000, 0x0000000081000000, 0x0000000081000000|100%| O|  |TAMS 0x0000000081000000, 0x0000000080f00000| Updating 
|  16|0x0000000081000000, 0x0000000081100000, 0x0000000081100000|100%| O|  |TAMS 0x0000000081100000, 0x0000000081000000| Updating 
|  17|0x0000000081100000, 0x0000000081200000, 0x0000000081200000|100%| O|  |TAMS 0x0000000081200000, 0x0000000081100000| Updating 
|  18|0x0000000081200000, 0x0000000081300000, 0x0000000081300000|100%| O|  |TAMS 0x0000000081300000, 0x0000000081200000| Updating 
|  19|0x0000000081300000, 0x0000000081400000, 0x0000000081400000|100%| O|  |TAMS 0x0000000081400000, 0x0000000081300000| Updating 
|  20|0x0000000081400000, 0x0000000081500000, 0x0000000081500000|100%| O|  |TAMS 0x0000000081500000, 0x0000000081400000| Updating 
|  21|0x0000000081500000, 0x0000000081600000, 0x0000000081600000|100%| O|  |TAMS 0x0000000081600000, 0x0000000081500000| Updating 
|  22|0x0000000081600000, 0x0000000081700000, 0x0000000081700000|100%| O|  |TAMS 0x0000000081700000, 0x0000000081600000| Updating 
|  23|0x0000000081700000, 0x0000000081800000, 0x0000000081800000|100%| O|  |TAMS 0x0000000081800000, 0x0000000081700000| Updating 
|  24|0x0000000081800000, 0x0000000081900000, 0x0000000081900000|100%| O|  |TAMS 0x0000000081900000, 0x0000000081800000| Updating 
|  25|0x0000000081900000, 0x0000000081a00000, 0x0000000081a00000|100%| O|  |TAMS 0x0000000081a00000, 0x0000000081900000| Updating 
|  26|0x0000000081a00000, 0x0000000081b00000, 0x0000000081b00000|100%| O|  |TAMS 0x0000000081b00000, 0x0000000081a00000| Updating 
|  27|0x0000000081b00000, 0x0000000081c00000, 0x0000000081c00000|100%| O|  |TAMS 0x0000000081c00000, 0x0000000081b00000| Updating 
|  28|0x0000000081c00000, 0x0000000081d00000, 0x0000000081d00000|100%| O|  |TAMS 0x0000000081d00000, 0x0000000081c00000| Updating 
|  29|0x0000000081d00000, 0x0000000081e00000, 0x0000000081e00000|100%|HS|  |TAMS 0x0000000081e00000, 0x0000000081d00000| Complete 
|  30|0x0000000081e00000, 0x0000000081f00000, 0x0000000081f00000|100%|HS|  |TAMS 0x0000000081f00000, 0x0000000081e00000| Complete 
|  31|0x0000000081f00000, 0x0000000082000000, 0x0000000082000000|100%|HS|  |TAMS 0x0000000082000000, 0x0000000081f00000| Complete 
|  32|0x0000000082000000, 0x0000000082100000, 0x0000000082100000|100%|HC|  |TAMS 0x0000000082100000, 0x0000000082000000| Complete 
|  33|0x0000000082100000, 0x0000000082200000, 0x0000000082200000|100%| O|  |TAMS 0x0000000082200000, 0x0000000082100000| Updating 
|  34|0x0000000082200000, 0x0000000082300000, 0x0000000082300000|100%| O|  |TAMS 0x0000000082300000, 0x0000000082200000| Updating 
|  35|0x0000000082300000, 0x0000000082400000, 0x0000000082400000|100%| O|  |TAMS 0x0000000082400000, 0x0000000082300000| Updating 
|  36|0x0000000082400000, 0x0000000082500000, 0x0000000082500000|100%| O|  |TAMS 0x0000000082500000, 0x0000000082400000| Updating 
|  37|0x0000000082500000, 0x0000000082600000, 0x0000000082600000|100%| O|  |TAMS 0x0000000082600000, 0x0000000082500000| Updating 
|  38|0x0000000082600000, 0x0000000082700000, 0x0000000082700000|100%| O|  |TAMS 0x0000000082700000, 0x0000000082600000| Updating 
|  39|0x0000000082700000, 0x0000000082800000, 0x0000000082800000|100%| O|  |TAMS 0x0000000082800000, 0x0000000082700000| Updating 
|  40|0x0000000082800000, 0x0000000082900000, 0x0000000082900000|100%| O|  |TAMS 0x0000000082900000, 0x0000000082800000| Updating 
|  41|0x0000000082900000, 0x0000000082a00000, 0x0000000082a00000|100%| O|  |TAMS 0x0000000082a00000, 0x0000000082900000| Updating 
|  42|0x0000000082a00000, 0x0000000082b00000, 0x0000000082b00000|100%| O|  |TAMS 0x0000000082b00000, 0x0000000082a00000| Updating 
|  43|0x0000000082b00000, 0x0000000082c00000, 0x0000000082c00000|100%| O|  |TAMS 0x0000000082c00000, 0x0000000082b00000| Updating 
|  44|0x0000000082c00000, 0x0000000082d00000, 0x0000000082d00000|100%| O|  |TAMS 0x0000000082d00000, 0x0000000082c00000| Updating 
|  45|0x0000000082d00000, 0x0000000082e00000, 0x0000000082e00000|100%| O|  |TAMS 0x0000000082e00000, 0x0000000082d00000| Updating 
|  46|0x0000000082e00000, 0x0000000082f00000, 0x0000000082f00000|100%| O|  |TAMS 0x0000000082f00000, 0x0000000082e00000| Updating 
|  47|0x0000000082f00000, 0x0000000083000000, 0x0000000083000000|100%| O|  |TAMS 0x0000000083000000, 0x0000000082f00000| Updating 
|  48|0x0000000083000000, 0x0000000083100000, 0x0000000083100000|100%| O|  |TAMS 0x0000000083100000, 0x0000000083000000| Updating 
|  49|0x0000000083100000, 0x0000000083200000, 0x0000000083200000|100%| O|  |TAMS 0x0000000083200000, 0x0000000083100000| Updating 
|  50|0x0000000083200000, 0x0000000083300000, 0x0000000083300000|100%| O|  |TAMS 0x0000000083300000, 0x0000000083200000| Updating 
|  51|0x0000000083300000, 0x0000000083400000, 0x0000000083400000|100%| O|  |TAMS 0x0000000083400000, 0x0000000083300000| Updating 
|  52|0x0000000083400000, 0x0000000083500000, 0x0000000083500000|100%| O|  |TAMS 0x0000000083500000, 0x0000000083400000| Updating 
|  53|0x0000000083500000, 0x0000000083600000, 0x0000000083600000|100%| O|  |TAMS 0x0000000083600000, 0x0000000083500000| Updating 
|  54|0x0000000083600000, 0x0000000083700000, 0x0000000083700000|100%| O|  |TAMS 0x0000000083700000, 0x0000000083600000| Updating 
|  55|0x0000000083700000, 0x0000000083800000, 0x0000000083800000|100%| O|  |TAMS 0x0000000083800000, 0x0000000083700000| Updating 
|  56|0x0000000083800000, 0x0000000083900000, 0x0000000083900000|100%| O|  |TAMS 0x0000000083900000, 0x0000000083800000| Updating 
|  57|0x0000000083900000, 0x0000000083a00000, 0x0000000083a00000|100%| O|  |TAMS 0x0000000083a00000, 0x0000000083900000| Updating 
|  58|0x0000000083a00000, 0x0000000083b00000, 0x0000000083b00000|100%| O|  |TAMS 0x0000000083b00000, 0x0000000083a00000| Updating 
|  59|0x0000000083b00000, 0x0000000083c00000, 0x0000000083c00000|100%| O|  |TAMS 0x0000000083c00000, 0x0000000083b00000| Updating 
|  60|0x0000000083c00000, 0x0000000083d00000, 0x0000000083d00000|100%| O|  |TAMS 0x0000000083d00000, 0x0000000083c00000| Updating 
|  61|0x0000000083d00000, 0x0000000083e00000, 0x0000000083e00000|100%| O|  |TAMS 0x0000000083e00000, 0x0000000083d00000| Updating 
|  62|0x0000000083e00000, 0x0000000083f00000, 0x0000000083f00000|100%| O|  |TAMS 0x0000000083f00000, 0x0000000083e00000| Updating 
|  63|0x0000000083f00000, 0x0000000084000000, 0x0000000084000000|100%| O|  |TAMS 0x0000000084000000, 0x0000000083f00000| Updating 
|  64|0x0000000084000000, 0x0000000084100000, 0x0000000084100000|100%| O|  |TAMS 0x0000000084100000, 0x0000000084000000| Updating 
|  65|0x0000000084100000, 0x0000000084200000, 0x0000000084200000|100%| O|  |TAMS 0x0000000084200000, 0x0000000084100000| Updating 
|  66|0x0000000084200000, 0x0000000084300000, 0x0000000084300000|100%| O|  |TAMS 0x0000000084300000, 0x0000000084200000| Updating 
|  67|0x0000000084300000, 0x0000000084400000, 0x0000000084400000|100%| O|  |TAMS 0x0000000084400000, 0x0000000084300000| Updating 
|  68|0x0000000084400000, 0x0000000084500000, 0x0000000084500000|100%| O|  |TAMS 0x0000000084500000, 0x0000000084400000| Updating 
|  69|0x0000000084500000, 0x0000000084600000, 0x0000000084600000|100%| O|  |TAMS 0x0000000084600000, 0x0000000084500000| Updating 
|  70|0x0000000084600000, 0x0000000084700000, 0x0000000084700000|100%| O|  |TAMS 0x0000000084700000, 0x0000000084600000| Updating 
|  71|0x0000000084700000, 0x0000000084800000, 0x0000000084800000|100%| O|  |TAMS 0x0000000084800000, 0x0000000084700000| Updating 
|  72|0x0000000084800000, 0x0000000084900000, 0x0000000084900000|100%| O|  |TAMS 0x0000000084900000, 0x0000000084800000| Updating 
|  73|0x0000000084900000, 0x0000000084a00000, 0x0000000084a00000|100%| O|  |TAMS 0x0000000084a00000, 0x0000000084900000| Updating 
|  74|0x0000000084a00000, 0x0000000084b00000, 0x0000000084b00000|100%| O|  |TAMS 0x0000000084b00000, 0x0000000084a00000| Updating 
|  75|0x0000000084b00000, 0x0000000084c00000, 0x0000000084c00000|100%| O|  |TAMS 0x0000000084c00000, 0x0000000084b00000| Updating 
|  76|0x0000000084c00000, 0x0000000084d00000, 0x0000000084d00000|100%| O|  |TAMS 0x0000000084d00000, 0x0000000084c00000| Updating 
|  77|0x0000000084d00000, 0x0000000084e00000, 0x0000000084e00000|100%| O|  |TAMS 0x0000000084e00000, 0x0000000084d00000| Updating 
|  78|0x0000000084e00000, 0x0000000084f00000, 0x0000000084f00000|100%| O|  |TAMS 0x0000000084f00000, 0x0000000084e00000| Updating 
|  79|0x0000000084f00000, 0x0000000085000000, 0x0000000085000000|100%| O|  |TAMS 0x0000000085000000, 0x0000000084f00000| Updating 
|  80|0x0000000085000000, 0x0000000085100000, 0x0000000085100000|100%| O|  |TAMS 0x0000000085100000, 0x0000000085000000| Updating 
|  81|0x0000000085100000, 0x0000000085200000, 0x0000000085200000|100%| O|  |TAMS 0x0000000085200000, 0x0000000085100000| Updating 
|  82|0x0000000085200000, 0x0000000085300000, 0x0000000085300000|100%| O|  |TAMS 0x0000000085300000, 0x0000000085200000| Updating 
|  83|0x0000000085300000, 0x0000000085400000, 0x0000000085400000|100%| O|  |TAMS 0x0000000085400000, 0x0000000085300000| Updating 
|  84|0x0000000085400000, 0x0000000085500000, 0x0000000085500000|100%| O|  |TAMS 0x0000000085500000, 0x0000000085400000| Updating 
|  85|0x0000000085500000, 0x0000000085600000, 0x0000000085600000|100%| O|  |TAMS 0x0000000085600000, 0x0000000085500000| Updating 
|  86|0x0000000085600000, 0x0000000085700000, 0x0000000085700000|100%| O|  |TAMS 0x0000000085700000, 0x0000000085600000| Updating 
|  87|0x0000000085700000, 0x0000000085800000, 0x0000000085800000|100%| O|  |TAMS 0x0000000085800000, 0x0000000085700000| Updating 
|  88|0x0000000085800000, 0x0000000085900000, 0x0000000085900000|100%| O|  |TAMS 0x0000000085900000, 0x0000000085800000| Updating 
|  89|0x0000000085900000, 0x0000000085a00000, 0x0000000085a00000|100%| O|  |TAMS 0x0000000085a00000, 0x0000000085900000| Updating 
|  90|0x0000000085a00000, 0x0000000085b00000, 0x0000000085b00000|100%| O|  |TAMS 0x0000000085b00000, 0x0000000085a00000| Updating 
|  91|0x0000000085b00000, 0x0000000085c00000, 0x0000000085c00000|100%| O|  |TAMS 0x0000000085c00000, 0x0000000085b00000| Updating 
|  92|0x0000000085c00000, 0x0000000085d00000, 0x0000000085d00000|100%| O|  |TAMS 0x0000000085d00000, 0x0000000085c00000| Updating 
|  93|0x0000000085d00000, 0x0000000085e00000, 0x0000000085e00000|100%| O|  |TAMS 0x0000000085e00000, 0x0000000085d00000| Updating 
|  94|0x0000000085e00000, 0x0000000085f00000, 0x0000000085f00000|100%|HS|  |TAMS 0x0000000085f00000, 0x0000000085e00000| Complete 
|  95|0x0000000085f00000, 0x0000000086000000, 0x0000000086000000|100%|HC|  |TAMS 0x0000000086000000, 0x0000000085f00000| Complete 
|  96|0x0000000086000000, 0x0000000086100000, 0x0000000086100000|100%| O|  |TAMS 0x0000000086100000, 0x0000000086000000| Updating 
|  97|0x0000000086100000, 0x0000000086200000, 0x0000000086200000|100%| O|  |TAMS 0x0000000086200000, 0x0000000086100000| Updating 
|  98|0x0000000086200000, 0x0000000086300000, 0x0000000086300000|100%| O|  |TAMS 0x0000000086300000, 0x0000000086200000| Updating 
|  99|0x0000000086300000, 0x0000000086400000, 0x0000000086400000|100%| O|  |TAMS 0x0000000086400000, 0x0000000086300000| Updating 
| 100|0x0000000086400000, 0x0000000086500000, 0x0000000086500000|100%| O|  |TAMS 0x0000000086500000, 0x0000000086400000| Updating 
| 101|0x0000000086500000, 0x0000000086600000, 0x0000000086600000|100%| O|  |TAMS 0x0000000086600000, 0x0000000086500000| Updating 
| 102|0x0000000086600000, 0x0000000086700000, 0x0000000086700000|100%| O|  |TAMS 0x0000000086700000, 0x0000000086600000| Updating 
| 103|0x0000000086700000, 0x0000000086800000, 0x0000000086800000|100%| O|  |TAMS 0x0000000086800000, 0x0000000086700000| Updating 
| 104|0x0000000086800000, 0x0000000086900000, 0x0000000086900000|100%| O|  |TAMS 0x0000000086900000, 0x0000000086800000| Updating 
| 105|0x0000000086900000, 0x0000000086a00000, 0x0000000086a00000|100%| O|  |TAMS 0x0000000086a00000, 0x0000000086900000| Updating 
| 106|0x0000000086a00000, 0x0000000086b00000, 0x0000000086b00000|100%| O|  |TAMS 0x0000000086b00000, 0x0000000086a00000| Updating 
| 107|0x0000000086b00000, 0x0000000086c00000, 0x0000000086c00000|100%| O|  |TAMS 0x0000000086c00000, 0x0000000086b00000| Updating 
| 108|0x0000000086c00000, 0x0000000086d00000, 0x0000000086d00000|100%| O|  |TAMS 0x0000000086d00000, 0x0000000086c00000| Updating 
| 109|0x0000000086d00000, 0x0000000086e00000, 0x0000000086e00000|100%| O|  |TAMS 0x0000000086e00000, 0x0000000086d00000| Updating 
| 110|0x0000000086e00000, 0x0000000086f00000, 0x0000000086f00000|100%| O|  |TAMS 0x0000000086f00000, 0x0000000086e00000| Updating 
| 111|0x0000000086f00000, 0x0000000087000000, 0x0000000087000000|100%| O|  |TAMS 0x0000000087000000, 0x0000000086f00000| Updating 
| 112|0x0000000087000000, 0x0000000087100000, 0x0000000087100000|100%| O|  |TAMS 0x0000000087100000, 0x0000000087000000| Updating 
| 113|0x0000000087100000, 0x0000000087200000, 0x0000000087200000|100%| O|  |TAMS 0x0000000087200000, 0x0000000087100000| Updating 
| 114|0x0000000087200000, 0x0000000087300000, 0x0000000087300000|100%| O|  |TAMS 0x0000000087300000, 0x0000000087200000| Updating 
| 115|0x0000000087300000, 0x0000000087400000, 0x0000000087400000|100%| O|  |TAMS 0x0000000087400000, 0x0000000087300000| Updating 
| 116|0x0000000087400000, 0x0000000087500000, 0x0000000087500000|100%| O|  |TAMS 0x0000000087500000, 0x0000000087400000| Updating 
| 117|0x0000000087500000, 0x0000000087600000, 0x0000000087600000|100%| O|  |TAMS 0x0000000087600000, 0x0000000087500000| Updating 
| 118|0x0000000087600000, 0x0000000087700000, 0x0000000087700000|100%| O|  |TAMS 0x0000000087700000, 0x0000000087600000| Updating 
| 119|0x0000000087700000, 0x0000000087800000, 0x0000000087800000|100%| O|  |TAMS 0x000000008775c000, 0x0000000087700000| Updating 
| 120|0x0000000087800000, 0x0000000087900000, 0x0000000087900000|100%| O|  |TAMS 0x0000000087900000, 0x0000000087800000| Updating 
| 121|0x0000000087900000, 0x0000000087a00000, 0x0000000087a00000|100%| O|  |TAMS 0x0000000087a00000, 0x0000000087900000| Updating 
| 122|0x0000000087a00000, 0x0000000087b00000, 0x0000000087b00000|100%| O|  |TAMS 0x0000000087b00000, 0x0000000087a00000| Updating 
| 123|0x0000000087b00000, 0x0000000087c00000, 0x0000000087c00000|100%| O|  |TAMS 0x0000000087c00000, 0x0000000087b00000| Updating 
| 124|0x0000000087c00000, 0x0000000087d00000, 0x0000000087d00000|100%| O|  |TAMS 0x0000000087d00000, 0x0000000087c00000| Updating 
| 125|0x0000000087d00000, 0x0000000087e00000, 0x0000000087e00000|100%| O|  |TAMS 0x0000000087e00000, 0x0000000087d00000| Updating 
| 126|0x0000000087e00000, 0x0000000087f00000, 0x0000000087f00000|100%| O|  |TAMS 0x0000000087f00000, 0x0000000087e00000| Updating 
| 127|0x0000000087f00000, 0x0000000088000000, 0x0000000088000000|100%| O|  |TAMS 0x0000000088000000, 0x0000000087f00000| Updating 
| 128|0x0000000088000000, 0x0000000088100000, 0x0000000088100000|100%| O|  |TAMS 0x0000000088100000, 0x0000000088000000| Updating 
| 129|0x0000000088100000, 0x0000000088200000, 0x0000000088200000|100%| O|  |TAMS 0x0000000088200000, 0x0000000088100000| Updating 
| 130|0x0000000088200000, 0x0000000088300000, 0x0000000088300000|100%| O|  |TAMS 0x0000000088300000, 0x0000000088200000| Updating 
| 131|0x0000000088300000, 0x0000000088400000, 0x0000000088400000|100%| O|  |TAMS 0x0000000088400000, 0x0000000088300000| Updating 
| 132|0x0000000088400000, 0x0000000088500000, 0x0000000088500000|100%| O|  |TAMS 0x0000000088500000, 0x0000000088400000| Updating 
| 133|0x0000000088500000, 0x0000000088600000, 0x0000000088600000|100%| O|  |TAMS 0x0000000088600000, 0x0000000088500000| Updating 
| 134|0x0000000088600000, 0x0000000088700000, 0x0000000088700000|100%| O|  |TAMS 0x0000000088700000, 0x0000000088600000| Updating 
| 135|0x0000000088700000, 0x0000000088800000, 0x0000000088800000|100%| O|  |TAMS 0x0000000088800000, 0x0000000088700000| Updating 
| 136|0x0000000088800000, 0x0000000088900000, 0x0000000088900000|100%| O|  |TAMS 0x0000000088900000, 0x0000000088800000| Updating 
| 137|0x0000000088900000, 0x0000000088a00000, 0x0000000088a00000|100%| O|  |TAMS 0x0000000088a00000, 0x0000000088900000| Updating 
| 138|0x0000000088a00000, 0x0000000088b00000, 0x0000000088b00000|100%| O|  |TAMS 0x0000000088b00000, 0x0000000088a00000| Updating 
| 139|0x0000000088b00000, 0x0000000088c00000, 0x0000000088c00000|100%| O|  |TAMS 0x0000000088c00000, 0x0000000088b00000| Updating 
| 140|0x0000000088c00000, 0x0000000088d00000, 0x0000000088d00000|100%| O|  |TAMS 0x0000000088d00000, 0x0000000088c00000| Updating 
| 141|0x0000000088d00000, 0x0000000088e00000, 0x0000000088e00000|100%| O|  |TAMS 0x0000000088e00000, 0x0000000088d00000| Updating 
| 142|0x0000000088e00000, 0x0000000088f00000, 0x0000000088f00000|100%| O|  |TAMS 0x0000000088e00000, 0x0000000088e00000| Untracked 
| 143|0x0000000088f00000, 0x0000000089000000, 0x0000000089000000|100%| O|  |TAMS 0x0000000088f00000, 0x0000000088f00000| Untracked 
| 144|0x0000000089000000, 0x0000000089100000, 0x0000000089100000|100%| O|  |TAMS 0x0000000089000000, 0x0000000089000000| Untracked 
| 145|0x0000000089100000, 0x0000000089200000, 0x0000000089200000|100%| O|  |TAMS 0x0000000089100000, 0x0000000089100000| Untracked 
| 146|0x0000000089200000, 0x0000000089300000, 0x0000000089300000|100%| O|  |TAMS 0x0000000089200000, 0x0000000089200000| Untracked 
| 147|0x0000000089300000, 0x0000000089400000, 0x0000000089400000|100%| O|  |TAMS 0x0000000089300000, 0x0000000089300000| Untracked 
| 148|0x0000000089400000, 0x0000000089500000, 0x0000000089500000|100%| O|  |TAMS 0x0000000089400000, 0x0000000089400000| Untracked 
| 149|0x0000000089500000, 0x0000000089600000, 0x0000000089600000|100%| O|  |TAMS 0x0000000089500000, 0x0000000089500000| Untracked 
| 150|0x0000000089600000, 0x0000000089700000, 0x0000000089700000|100%| O|  |TAMS 0x0000000089600000, 0x0000000089600000| Untracked 
| 151|0x0000000089700000, 0x0000000089800000, 0x0000000089800000|100%| O|  |TAMS 0x0000000089700000, 0x0000000089700000| Untracked 
| 152|0x0000000089800000, 0x0000000089900000, 0x0000000089900000|100%| O|  |TAMS 0x0000000089800000, 0x0000000089800000| Untracked 
| 153|0x0000000089900000, 0x0000000089a00000, 0x0000000089a00000|100%| O|  |TAMS 0x0000000089900000, 0x0000000089900000| Untracked 
| 154|0x0000000089a00000, 0x0000000089b00000, 0x0000000089b00000|100%| O|  |TAMS 0x0000000089a00000, 0x0000000089a00000| Untracked 
| 155|0x0000000089b00000, 0x0000000089c00000, 0x0000000089c00000|100%| O|  |TAMS 0x0000000089b00000, 0x0000000089b00000| Untracked 
| 156|0x0000000089c00000, 0x0000000089d00000, 0x0000000089d00000|100%| O|  |TAMS 0x0000000089c00000, 0x0000000089c00000| Untracked 
| 157|0x0000000089d00000, 0x0000000089e00000, 0x0000000089e00000|100%| O|  |TAMS 0x0000000089d00000, 0x0000000089d00000| Untracked 
| 158|0x0000000089e00000, 0x0000000089f00000, 0x0000000089f00000|100%| O|  |TAMS 0x0000000089e00000, 0x0000000089e00000| Untracked 
| 159|0x0000000089f00000, 0x0000000089fc9c00, 0x000000008a000000| 78%| O|  |TAMS 0x0000000089f00000, 0x0000000089f00000| Untracked 
| 160|0x000000008a000000, 0x000000008a000000, 0x000000008a100000|  0%| F|  |TAMS 0x000000008a000000, 0x000000008a000000| Untracked 
| 161|0x000000008a100000, 0x000000008a100000, 0x000000008a200000|  0%| F|  |TAMS 0x000000008a100000, 0x000000008a100000| Untracked 
| 162|0x000000008a200000, 0x000000008a200000, 0x000000008a300000|  0%| F|  |TAMS 0x000000008a200000, 0x000000008a200000| Untracked 
| 163|0x000000008a300000, 0x000000008a300000, 0x000000008a400000|  0%| F|  |TAMS 0x000000008a300000, 0x000000008a300000| Untracked 
| 164|0x000000008a400000, 0x000000008a400000, 0x000000008a500000|  0%| F|  |TAMS 0x000000008a400000, 0x000000008a400000| Untracked 
| 165|0x000000008a500000, 0x000000008a500000, 0x000000008a600000|  0%| F|  |TAMS 0x000000008a500000, 0x000000008a500000| Untracked 
| 166|0x000000008a600000, 0x000000008a600000, 0x000000008a700000|  0%| F|  |TAMS 0x000000008a600000, 0x000000008a600000| Untracked 
| 167|0x000000008a700000, 0x000000008a700000, 0x000000008a800000|  0%| F|  |TAMS 0x000000008a700000, 0x000000008a700000| Untracked 
| 168|0x000000008a800000, 0x000000008a800000, 0x000000008a900000|  0%| F|  |TAMS 0x000000008a800000, 0x000000008a800000| Untracked 
| 169|0x000000008a900000, 0x000000008a900000, 0x000000008aa00000|  0%| F|  |TAMS 0x000000008a900000, 0x000000008a900000| Untracked 
| 170|0x000000008aa00000, 0x000000008aa00000, 0x000000008ab00000|  0%| F|  |TAMS 0x000000008aa00000, 0x000000008aa00000| Untracked 
| 171|0x000000008ab00000, 0x000000008ab00000, 0x000000008ac00000|  0%| F|  |TAMS 0x000000008ab00000, 0x000000008ab00000| Untracked 
| 172|0x000000008ac00000, 0x000000008ac00000, 0x000000008ad00000|  0%| F|  |TAMS 0x000000008ac00000, 0x000000008ac00000| Untracked 
| 173|0x000000008ad00000, 0x000000008ad00000, 0x000000008ae00000|  0%| F|  |TAMS 0x000000008ad00000, 0x000000008ad00000| Untracked 
| 174|0x000000008ae00000, 0x000000008ae00000, 0x000000008af00000|  0%| F|  |TAMS 0x000000008ae00000, 0x000000008ae00000| Untracked 
| 175|0x000000008af00000, 0x000000008af00000, 0x000000008b000000|  0%| F|  |TAMS 0x000000008af00000, 0x000000008af00000| Untracked 
| 176|0x000000008b000000, 0x000000008b000000, 0x000000008b100000|  0%| F|  |TAMS 0x000000008b000000, 0x000000008b000000| Untracked 
| 177|0x000000008b100000, 0x000000008b100000, 0x000000008b200000|  0%| F|  |TAMS 0x000000008b100000, 0x000000008b100000| Untracked 
| 178|0x000000008b200000, 0x000000008b200000, 0x000000008b300000|  0%| F|  |TAMS 0x000000008b200000, 0x000000008b200000| Untracked 
| 179|0x000000008b300000, 0x000000008b300000, 0x000000008b400000|  0%| F|  |TAMS 0x000000008b300000, 0x000000008b300000| Untracked 
| 180|0x000000008b400000, 0x000000008b400000, 0x000000008b500000|  0%| F|  |TAMS 0x000000008b400000, 0x000000008b400000| Untracked 
| 181|0x000000008b500000, 0x000000008b500000, 0x000000008b600000|  0%| F|  |TAMS 0x000000008b500000, 0x000000008b500000| Untracked 
| 182|0x000000008b600000, 0x000000008b600000, 0x000000008b700000|  0%| F|  |TAMS 0x000000008b600000, 0x000000008b600000| Untracked 
| 183|0x000000008b700000, 0x000000008b700000, 0x000000008b800000|  0%| F|  |TAMS 0x000000008b700000, 0x000000008b700000| Untracked 
| 184|0x000000008b800000, 0x000000008b800000, 0x000000008b900000|  0%| F|  |TAMS 0x000000008b800000, 0x000000008b800000| Untracked 
| 185|0x000000008b900000, 0x000000008b900000, 0x000000008ba00000|  0%| F|  |TAMS 0x000000008b900000, 0x000000008b900000| Untracked 
| 186|0x000000008ba00000, 0x000000008ba00000, 0x000000008bb00000|  0%| F|  |TAMS 0x000000008ba00000, 0x000000008ba00000| Untracked 
| 187|0x000000008bb00000, 0x000000008bb00000, 0x000000008bc00000|  0%| F|  |TAMS 0x000000008bb00000, 0x000000008bb00000| Untracked 
| 188|0x000000008bc00000, 0x000000008bc00000, 0x000000008bd00000|  0%| F|  |TAMS 0x000000008bc00000, 0x000000008bc00000| Untracked 
| 189|0x000000008bd00000, 0x000000008bd00000, 0x000000008be00000|  0%| F|  |TAMS 0x000000008bd00000, 0x000000008bd00000| Untracked 
| 190|0x000000008be00000, 0x000000008be00000, 0x000000008bf00000|  0%| F|  |TAMS 0x000000008be00000, 0x000000008be00000| Untracked 
| 191|0x000000008bf00000, 0x000000008bf00000, 0x000000008c000000|  0%| F|  |TAMS 0x000000008bf00000, 0x000000008bf00000| Untracked 
| 192|0x000000008c000000, 0x000000008c000000, 0x000000008c100000|  0%| F|  |TAMS 0x000000008c000000, 0x000000008c000000| Untracked 
| 193|0x000000008c100000, 0x000000008c100000, 0x000000008c200000|  0%| F|  |TAMS 0x000000008c100000, 0x000000008c100000| Untracked 
| 194|0x000000008c200000, 0x000000008c200000, 0x000000008c300000|  0%| F|  |TAMS 0x000000008c200000, 0x000000008c200000| Untracked 
| 195|0x000000008c300000, 0x000000008c300000, 0x000000008c400000|  0%| F|  |TAMS 0x000000008c300000, 0x000000008c300000| Untracked 
| 196|0x000000008c400000, 0x000000008c400000, 0x000000008c500000|  0%| F|  |TAMS 0x000000008c400000, 0x000000008c400000| Untracked 
| 197|0x000000008c500000, 0x000000008c500000, 0x000000008c600000|  0%| F|  |TAMS 0x000000008c500000, 0x000000008c500000| Untracked 
| 198|0x000000008c600000, 0x000000008c600000, 0x000000008c700000|  0%| F|  |TAMS 0x000000008c600000, 0x000000008c600000| Untracked 
| 199|0x000000008c700000, 0x000000008c700000, 0x000000008c800000|  0%| F|  |TAMS 0x000000008c700000, 0x000000008c700000| Untracked 
| 200|0x000000008c800000, 0x000000008c800000, 0x000000008c900000|  0%| F|  |TAMS 0x000000008c800000, 0x000000008c800000| Untracked 
| 201|0x000000008c900000, 0x000000008c900000, 0x000000008ca00000|  0%| F|  |TAMS 0x000000008c900000, 0x000000008c900000| Untracked 
| 202|0x000000008ca00000, 0x000000008ca00000, 0x000000008cb00000|  0%| F|  |TAMS 0x000000008ca00000, 0x000000008ca00000| Untracked 
| 203|0x000000008cb00000, 0x000000008cb00000, 0x000000008cc00000|  0%| F|  |TAMS 0x000000008cb00000, 0x000000008cb00000| Untracked 
| 204|0x000000008cc00000, 0x000000008cc00000, 0x000000008cd00000|  0%| F|  |TAMS 0x000000008cc00000, 0x000000008cc00000| Untracked 
| 205|0x000000008cd00000, 0x000000008cd00000, 0x000000008ce00000|  0%| F|  |TAMS 0x000000008cd00000, 0x000000008cd00000| Untracked 
| 206|0x000000008ce00000, 0x000000008ce00000, 0x000000008cf00000|  0%| F|  |TAMS 0x000000008ce00000, 0x000000008ce00000| Untracked 
| 207|0x000000008cf00000, 0x000000008cf00000, 0x000000008d000000|  0%| F|  |TAMS 0x000000008cf00000, 0x000000008cf00000| Untracked 
| 208|0x000000008d000000, 0x000000008d000000, 0x000000008d100000|  0%| F|  |TAMS 0x000000008d000000, 0x000000008d000000| Untracked 
| 209|0x000000008d100000, 0x000000008d100000, 0x000000008d200000|  0%| F|  |TAMS 0x000000008d100000, 0x000000008d100000| Untracked 
| 210|0x000000008d200000, 0x000000008d200000, 0x000000008d300000|  0%| F|  |TAMS 0x000000008d200000, 0x000000008d200000| Untracked 
| 211|0x000000008d300000, 0x000000008d300000, 0x000000008d400000|  0%| F|  |TAMS 0x000000008d300000, 0x000000008d300000| Untracked 
| 212|0x000000008d400000, 0x000000008d400000, 0x000000008d500000|  0%| F|  |TAMS 0x000000008d400000, 0x000000008d400000| Untracked 
| 213|0x000000008d500000, 0x000000008d500000, 0x000000008d600000|  0%| F|  |TAMS 0x000000008d500000, 0x000000008d500000| Untracked 
| 214|0x000000008d600000, 0x000000008d600000, 0x000000008d700000|  0%| F|  |TAMS 0x000000008d600000, 0x000000008d600000| Untracked 
| 215|0x000000008d700000, 0x000000008d700000, 0x000000008d800000|  0%| F|  |TAMS 0x000000008d700000, 0x000000008d700000| Untracked 
| 216|0x000000008d800000, 0x000000008d800000, 0x000000008d900000|  0%| F|  |TAMS 0x000000008d800000, 0x000000008d800000| Untracked 
| 217|0x000000008d900000, 0x000000008d900000, 0x000000008da00000|  0%| F|  |TAMS 0x000000008d900000, 0x000000008d900000| Untracked 
| 218|0x000000008da00000, 0x000000008da00000, 0x000000008db00000|  0%| F|  |TAMS 0x000000008da00000, 0x000000008da00000| Untracked 
| 219|0x000000008db00000, 0x000000008db00000, 0x000000008dc00000|  0%| F|  |TAMS 0x000000008db00000, 0x000000008db00000| Untracked 
| 220|0x000000008dc00000, 0x000000008dc00000, 0x000000008dd00000|  0%| F|  |TAMS 0x000000008dc00000, 0x000000008dc00000| Untracked 
| 221|0x000000008dd00000, 0x000000008dd00000, 0x000000008de00000|  0%| F|  |TAMS 0x000000008dd00000, 0x000000008dd00000| Untracked 
| 222|0x000000008de00000, 0x000000008de00000, 0x000000008df00000|  0%| F|  |TAMS 0x000000008de00000, 0x000000008de00000| Untracked 
| 223|0x000000008df00000, 0x000000008df00000, 0x000000008e000000|  0%| F|  |TAMS 0x000000008df00000, 0x000000008df00000| Untracked 
| 224|0x000000008e000000, 0x000000008e000000, 0x000000008e100000|  0%| F|  |TAMS 0x000000008e000000, 0x000000008e000000| Untracked 
| 225|0x000000008e100000, 0x000000008e100000, 0x000000008e200000|  0%| F|  |TAMS 0x000000008e100000, 0x000000008e100000| Untracked 
| 226|0x000000008e200000, 0x000000008e200000, 0x000000008e300000|  0%| F|  |TAMS 0x000000008e200000, 0x000000008e200000| Untracked 
| 227|0x000000008e300000, 0x000000008e300000, 0x000000008e400000|  0%| F|  |TAMS 0x000000008e300000, 0x000000008e300000| Untracked 
| 228|0x000000008e400000, 0x000000008e400000, 0x000000008e500000|  0%| F|  |TAMS 0x000000008e400000, 0x000000008e400000| Untracked 
| 229|0x000000008e500000, 0x000000008e500000, 0x000000008e600000|  0%| F|  |TAMS 0x000000008e500000, 0x000000008e500000| Untracked 
| 230|0x000000008e600000, 0x000000008e600000, 0x000000008e700000|  0%| F|  |TAMS 0x000000008e600000, 0x000000008e600000| Untracked 
| 231|0x000000008e700000, 0x000000008e700000, 0x000000008e800000|  0%| F|  |TAMS 0x000000008e700000, 0x000000008e700000| Untracked 
| 232|0x000000008e800000, 0x000000008e800000, 0x000000008e900000|  0%| F|  |TAMS 0x000000008e800000, 0x000000008e800000| Untracked 
| 233|0x000000008e900000, 0x000000008e900000, 0x000000008ea00000|  0%| F|  |TAMS 0x000000008e900000, 0x000000008e900000| Untracked 
| 234|0x000000008ea00000, 0x000000008ea00000, 0x000000008eb00000|  0%| F|  |TAMS 0x000000008ea00000, 0x000000008ea00000| Untracked 
| 235|0x000000008eb00000, 0x000000008eb00000, 0x000000008ec00000|  0%| F|  |TAMS 0x000000008eb00000, 0x000000008eb00000| Untracked 
| 236|0x000000008ec00000, 0x000000008ec00000, 0x000000008ed00000|  0%| F|  |TAMS 0x000000008ec00000, 0x000000008ec00000| Untracked 
| 237|0x000000008ed00000, 0x000000008ed00000, 0x000000008ee00000|  0%| F|  |TAMS 0x000000008ed00000, 0x000000008ed00000| Untracked 
| 238|0x000000008ee00000, 0x000000008ee00000, 0x000000008ef00000|  0%| F|  |TAMS 0x000000008ee00000, 0x000000008ee00000| Untracked 
| 239|0x000000008ef00000, 0x000000008ef00000, 0x000000008f000000|  0%| F|  |TAMS 0x000000008ef00000, 0x000000008ef00000| Untracked 
| 240|0x000000008f000000, 0x000000008f000000, 0x000000008f100000|  0%| F|  |TAMS 0x000000008f000000, 0x000000008f000000| Untracked 
| 241|0x000000008f100000, 0x000000008f100000, 0x000000008f200000|  0%| F|  |TAMS 0x000000008f100000, 0x000000008f100000| Untracked 
| 242|0x000000008f200000, 0x000000008f200000, 0x000000008f300000|  0%| F|  |TAMS 0x000000008f200000, 0x000000008f200000| Untracked 
| 243|0x000000008f300000, 0x000000008f300000, 0x000000008f400000|  0%| F|  |TAMS 0x000000008f300000, 0x000000008f300000| Untracked 
| 244|0x000000008f400000, 0x000000008f400000, 0x000000008f500000|  0%| F|  |TAMS 0x000000008f400000, 0x000000008f400000| Untracked 
| 245|0x000000008f500000, 0x000000008f500000, 0x000000008f600000|  0%| F|  |TAMS 0x000000008f500000, 0x000000008f500000| Untracked 
| 246|0x000000008f600000, 0x000000008f600000, 0x000000008f700000|  0%| F|  |TAMS 0x000000008f600000, 0x000000008f600000| Untracked 
| 247|0x000000008f700000, 0x000000008f700000, 0x000000008f800000|  0%| F|  |TAMS 0x000000008f700000, 0x000000008f700000| Untracked 
| 248|0x000000008f800000, 0x000000008f800000, 0x000000008f900000|  0%| F|  |TAMS 0x000000008f800000, 0x000000008f800000| Untracked 
| 249|0x000000008f900000, 0x000000008f900000, 0x000000008fa00000|  0%| F|  |TAMS 0x000000008f900000, 0x000000008f900000| Untracked 
| 250|0x000000008fa00000, 0x000000008fa00000, 0x000000008fb00000|  0%| F|  |TAMS 0x000000008fa00000, 0x000000008fa00000| Untracked 
| 251|0x000000008fb00000, 0x000000008fb00000, 0x000000008fc00000|  0%| F|  |TAMS 0x000000008fb00000, 0x000000008fb00000| Untracked 
| 252|0x000000008fc00000, 0x000000008fc00000, 0x000000008fd00000|  0%| F|  |TAMS 0x000000008fc00000, 0x000000008fc00000| Untracked 
| 253|0x000000008fd00000, 0x000000008fd00000, 0x000000008fe00000|  0%| F|  |TAMS 0x000000008fd00000, 0x000000008fd00000| Untracked 
| 254|0x000000008fe00000, 0x000000008fe00000, 0x000000008ff00000|  0%| F|  |TAMS 0x000000008fe00000, 0x000000008fe00000| Untracked 
| 255|0x000000008ff00000, 0x000000008ff00000, 0x0000000090000000|  0%| F|  |TAMS 0x000000008ff00000, 0x000000008ff00000| Untracked 
| 256|0x0000000090000000, 0x0000000090000000, 0x0000000090100000|  0%| F|  |TAMS 0x0000000090000000, 0x0000000090000000| Untracked 
| 257|0x0000000090100000, 0x0000000090100000, 0x0000000090200000|  0%| F|  |TAMS 0x0000000090100000, 0x0000000090100000| Untracked 
| 258|0x0000000090200000, 0x0000000090200000, 0x0000000090300000|  0%| F|  |TAMS 0x0000000090200000, 0x0000000090200000| Untracked 
| 259|0x0000000090300000, 0x0000000090300000, 0x0000000090400000|  0%| F|  |TAMS 0x0000000090300000, 0x0000000090300000| Untracked 
| 260|0x0000000090400000, 0x0000000090400000, 0x0000000090500000|  0%| F|  |TAMS 0x0000000090400000, 0x0000000090400000| Untracked 
| 261|0x0000000090500000, 0x0000000090500000, 0x0000000090600000|  0%| F|  |TAMS 0x0000000090500000, 0x0000000090500000| Untracked 
| 262|0x0000000090600000, 0x0000000090600000, 0x0000000090700000|  0%| F|  |TAMS 0x0000000090600000, 0x0000000090600000| Untracked 
| 263|0x0000000090700000, 0x0000000090700000, 0x0000000090800000|  0%| F|  |TAMS 0x0000000090700000, 0x0000000090700000| Untracked 
| 264|0x0000000090800000, 0x0000000090800000, 0x0000000090900000|  0%| F|  |TAMS 0x0000000090800000, 0x0000000090800000| Untracked 
| 265|0x0000000090900000, 0x0000000090900000, 0x0000000090a00000|  0%| F|  |TAMS 0x0000000090900000, 0x0000000090900000| Untracked 
| 266|0x0000000090a00000, 0x0000000090a00000, 0x0000000090b00000|  0%| F|  |TAMS 0x0000000090a00000, 0x0000000090a00000| Untracked 
| 267|0x0000000090b00000, 0x0000000090b00000, 0x0000000090c00000|  0%| F|  |TAMS 0x0000000090b00000, 0x0000000090b00000| Untracked 
| 268|0x0000000090c00000, 0x0000000090c00000, 0x0000000090d00000|  0%| F|  |TAMS 0x0000000090c00000, 0x0000000090c00000| Untracked 
| 269|0x0000000090d00000, 0x0000000090d00000, 0x0000000090e00000|  0%| F|  |TAMS 0x0000000090d00000, 0x0000000090d00000| Untracked 
| 270|0x0000000090e00000, 0x0000000090e00000, 0x0000000090f00000|  0%| F|  |TAMS 0x0000000090e00000, 0x0000000090e00000| Untracked 
| 271|0x0000000090f00000, 0x0000000090f00000, 0x0000000091000000|  0%| F|  |TAMS 0x0000000090f00000, 0x0000000090f00000| Untracked 
| 272|0x0000000091000000, 0x0000000091000000, 0x0000000091100000|  0%| F|  |TAMS 0x0000000091000000, 0x0000000091000000| Untracked 
| 273|0x0000000091100000, 0x0000000091100000, 0x0000000091200000|  0%| F|  |TAMS 0x0000000091100000, 0x0000000091100000| Untracked 
| 274|0x0000000091200000, 0x0000000091200000, 0x0000000091300000|  0%| F|  |TAMS 0x0000000091200000, 0x0000000091200000| Untracked 
| 275|0x0000000091300000, 0x0000000091300000, 0x0000000091400000|  0%| F|  |TAMS 0x0000000091300000, 0x0000000091300000| Untracked 
| 276|0x0000000091400000, 0x0000000091400000, 0x0000000091500000|  0%| F|  |TAMS 0x0000000091400000, 0x0000000091400000| Untracked 
| 277|0x0000000091500000, 0x0000000091500000, 0x0000000091600000|  0%| F|  |TAMS 0x0000000091500000, 0x0000000091500000| Untracked 
| 278|0x0000000091600000, 0x0000000091600000, 0x0000000091700000|  0%| F|  |TAMS 0x0000000091600000, 0x0000000091600000| Untracked 
| 279|0x0000000091700000, 0x0000000091700000, 0x0000000091800000|  0%| F|  |TAMS 0x0000000091700000, 0x0000000091700000| Untracked 
| 280|0x0000000091800000, 0x0000000091800000, 0x0000000091900000|  0%| F|  |TAMS 0x0000000091800000, 0x0000000091800000| Untracked 
| 281|0x0000000091900000, 0x0000000091900000, 0x0000000091a00000|  0%| F|  |TAMS 0x0000000091900000, 0x0000000091900000| Untracked 
| 282|0x0000000091a00000, 0x0000000091a00000, 0x0000000091b00000|  0%| F|  |TAMS 0x0000000091a00000, 0x0000000091a00000| Untracked 
| 283|0x0000000091b00000, 0x0000000091b00000, 0x0000000091c00000|  0%| F|  |TAMS 0x0000000091b00000, 0x0000000091b00000| Untracked 
| 284|0x0000000091c00000, 0x0000000091c00000, 0x0000000091d00000|  0%| F|  |TAMS 0x0000000091c00000, 0x0000000091c00000| Untracked 
| 285|0x0000000091d00000, 0x0000000091d00000, 0x0000000091e00000|  0%| F|  |TAMS 0x0000000091d00000, 0x0000000091d00000| Untracked 
| 286|0x0000000091e00000, 0x0000000091e00000, 0x0000000091f00000|  0%| F|  |TAMS 0x0000000091e00000, 0x0000000091e00000| Untracked 
| 287|0x0000000091f00000, 0x0000000091f00000, 0x0000000092000000|  0%| F|  |TAMS 0x0000000091f00000, 0x0000000091f00000| Untracked 
| 288|0x0000000092000000, 0x0000000092000000, 0x0000000092100000|  0%| F|  |TAMS 0x0000000092000000, 0x0000000092000000| Untracked 
| 289|0x0000000092100000, 0x0000000092100000, 0x0000000092200000|  0%| F|  |TAMS 0x0000000092100000, 0x0000000092100000| Untracked 
| 290|0x0000000092200000, 0x0000000092200000, 0x0000000092300000|  0%| F|  |TAMS 0x0000000092200000, 0x0000000092200000| Untracked 
| 291|0x0000000092300000, 0x0000000092300000, 0x0000000092400000|  0%| F|  |TAMS 0x0000000092300000, 0x0000000092300000| Untracked 
| 292|0x0000000092400000, 0x0000000092400000, 0x0000000092500000|  0%| F|  |TAMS 0x0000000092400000, 0x0000000092400000| Untracked 
| 293|0x0000000092500000, 0x0000000092500000, 0x0000000092600000|  0%| F|  |TAMS 0x0000000092500000, 0x0000000092500000| Untracked 
| 294|0x0000000092600000, 0x0000000092600000, 0x0000000092700000|  0%| F|  |TAMS 0x0000000092600000, 0x0000000092600000| Untracked 
| 295|0x0000000092700000, 0x0000000092700000, 0x0000000092800000|  0%| F|  |TAMS 0x0000000092700000, 0x0000000092700000| Untracked 
| 296|0x0000000092800000, 0x0000000092800000, 0x0000000092900000|  0%| F|  |TAMS 0x0000000092800000, 0x0000000092800000| Untracked 
| 297|0x0000000092900000, 0x0000000092900000, 0x0000000092a00000|  0%| F|  |TAMS 0x0000000092900000, 0x0000000092900000| Untracked 
| 298|0x0000000092a00000, 0x0000000092a00000, 0x0000000092b00000|  0%| F|  |TAMS 0x0000000092a00000, 0x0000000092a00000| Untracked 
| 299|0x0000000092b00000, 0x0000000092b00000, 0x0000000092c00000|  0%| F|  |TAMS 0x0000000092b00000, 0x0000000092b00000| Untracked 
| 300|0x0000000092c00000, 0x0000000092c00000, 0x0000000092d00000|  0%| F|  |TAMS 0x0000000092c00000, 0x0000000092c00000| Untracked 
| 301|0x0000000092d00000, 0x0000000092d00000, 0x0000000092e00000|  0%| F|  |TAMS 0x0000000092d00000, 0x0000000092d00000| Untracked 
| 302|0x0000000092e00000, 0x0000000092e00000, 0x0000000092f00000|  0%| F|  |TAMS 0x0000000092e00000, 0x0000000092e00000| Untracked 
| 303|0x0000000092f00000, 0x0000000092f00000, 0x0000000093000000|  0%| F|  |TAMS 0x0000000092f00000, 0x0000000092f00000| Untracked 
| 304|0x0000000093000000, 0x0000000093000000, 0x0000000093100000|  0%| F|  |TAMS 0x0000000093000000, 0x0000000093000000| Untracked 
| 305|0x0000000093100000, 0x0000000093100000, 0x0000000093200000|  0%| F|  |TAMS 0x0000000093100000, 0x0000000093100000| Untracked 
| 306|0x0000000093200000, 0x0000000093200000, 0x0000000093300000|  0%| F|  |TAMS 0x0000000093200000, 0x0000000093200000| Untracked 
| 307|0x0000000093300000, 0x0000000093300000, 0x0000000093400000|  0%| F|  |TAMS 0x0000000093300000, 0x0000000093300000| Untracked 
| 308|0x0000000093400000, 0x0000000093400000, 0x0000000093500000|  0%| F|  |TAMS 0x0000000093400000, 0x0000000093400000| Untracked 
| 309|0x0000000093500000, 0x0000000093500000, 0x0000000093600000|  0%| F|  |TAMS 0x0000000093500000, 0x0000000093500000| Untracked 
| 310|0x0000000093600000, 0x0000000093600000, 0x0000000093700000|  0%| F|  |TAMS 0x0000000093600000, 0x0000000093600000| Untracked 
| 311|0x0000000093700000, 0x0000000093700000, 0x0000000093800000|  0%| F|  |TAMS 0x0000000093700000, 0x0000000093700000| Untracked 
| 312|0x0000000093800000, 0x0000000093800000, 0x0000000093900000|  0%| F|  |TAMS 0x0000000093800000, 0x0000000093800000| Untracked 
| 313|0x0000000093900000, 0x0000000093900000, 0x0000000093a00000|  0%| F|  |TAMS 0x0000000093900000, 0x0000000093900000| Untracked 
| 314|0x0000000093a00000, 0x0000000093a00000, 0x0000000093b00000|  0%| F|  |TAMS 0x0000000093a00000, 0x0000000093a00000| Untracked 
| 315|0x0000000093b00000, 0x0000000093b00000, 0x0000000093c00000|  0%| F|  |TAMS 0x0000000093b00000, 0x0000000093b00000| Untracked 
| 316|0x0000000093c00000, 0x0000000093c00000, 0x0000000093d00000|  0%| F|  |TAMS 0x0000000093c00000, 0x0000000093c00000| Untracked 
| 317|0x0000000093d00000, 0x0000000093d00000, 0x0000000093e00000|  0%| F|  |TAMS 0x0000000093d00000, 0x0000000093d00000| Untracked 
| 318|0x0000000093e00000, 0x0000000093e00000, 0x0000000093f00000|  0%| F|  |TAMS 0x0000000093e00000, 0x0000000093e00000| Untracked 
| 319|0x0000000093f00000, 0x0000000093f00000, 0x0000000094000000|  0%| F|  |TAMS 0x0000000093f00000, 0x0000000093f00000| Untracked 
| 320|0x0000000094000000, 0x0000000094000000, 0x0000000094100000|  0%| F|  |TAMS 0x0000000094000000, 0x0000000094000000| Untracked 
| 321|0x0000000094100000, 0x0000000094100000, 0x0000000094200000|  0%| F|  |TAMS 0x0000000094100000, 0x0000000094100000| Untracked 
| 322|0x0000000094200000, 0x0000000094200000, 0x0000000094300000|  0%| F|  |TAMS 0x0000000094200000, 0x0000000094200000| Untracked 
| 323|0x0000000094300000, 0x0000000094300000, 0x0000000094400000|  0%| F|  |TAMS 0x0000000094300000, 0x0000000094300000| Untracked 
| 324|0x0000000094400000, 0x0000000094400000, 0x0000000094500000|  0%| F|  |TAMS 0x0000000094400000, 0x0000000094400000| Untracked 
| 325|0x0000000094500000, 0x0000000094500000, 0x0000000094600000|  0%| F|  |TAMS 0x0000000094500000, 0x0000000094500000| Untracked 
| 326|0x0000000094600000, 0x0000000094600000, 0x0000000094700000|  0%| F|  |TAMS 0x0000000094600000, 0x0000000094600000| Untracked 
| 327|0x0000000094700000, 0x0000000094700000, 0x0000000094800000|  0%| F|  |TAMS 0x0000000094700000, 0x0000000094700000| Untracked 
| 328|0x0000000094800000, 0x0000000094800000, 0x0000000094900000|  0%| F|  |TAMS 0x0000000094800000, 0x0000000094800000| Untracked 
| 329|0x0000000094900000, 0x0000000094900000, 0x0000000094a00000|  0%| F|  |TAMS 0x0000000094900000, 0x0000000094900000| Untracked 
| 330|0x0000000094a00000, 0x0000000094a00000, 0x0000000094b00000|  0%| F|  |TAMS 0x0000000094a00000, 0x0000000094a00000| Untracked 
| 331|0x0000000094b00000, 0x0000000094b00000, 0x0000000094c00000|  0%| F|  |TAMS 0x0000000094b00000, 0x0000000094b00000| Untracked 
| 332|0x0000000094c00000, 0x0000000094c00000, 0x0000000094d00000|  0%| F|  |TAMS 0x0000000094c00000, 0x0000000094c00000| Untracked 
| 333|0x0000000094d00000, 0x0000000094d00000, 0x0000000094e00000|  0%| F|  |TAMS 0x0000000094d00000, 0x0000000094d00000| Untracked 
| 334|0x0000000094e00000, 0x0000000094e00000, 0x0000000094f00000|  0%| F|  |TAMS 0x0000000094e00000, 0x0000000094e00000| Untracked 
| 335|0x0000000094f00000, 0x0000000094f00000, 0x0000000095000000|  0%| F|  |TAMS 0x0000000094f00000, 0x0000000094f00000| Untracked 
| 336|0x0000000095000000, 0x0000000095000000, 0x0000000095100000|  0%| F|  |TAMS 0x0000000095000000, 0x0000000095000000| Untracked 
| 337|0x0000000095100000, 0x0000000095100000, 0x0000000095200000|  0%| F|  |TAMS 0x0000000095100000, 0x0000000095100000| Untracked 
| 338|0x0000000095200000, 0x0000000095200000, 0x0000000095300000|  0%| F|  |TAMS 0x0000000095200000, 0x0000000095200000| Untracked 
| 339|0x0000000095300000, 0x0000000095300000, 0x0000000095400000|  0%| F|  |TAMS 0x0000000095300000, 0x0000000095300000| Untracked 
| 340|0x0000000095400000, 0x0000000095500000, 0x0000000095500000|100%| S|CS|TAMS 0x0000000095400000, 0x0000000095400000| Complete 
| 341|0x0000000095500000, 0x0000000095600000, 0x0000000095600000|100%| S|CS|TAMS 0x0000000095500000, 0x0000000095500000| Complete 
| 342|0x0000000095600000, 0x0000000095700000, 0x0000000095700000|100%| S|CS|TAMS 0x0000000095600000, 0x0000000095600000| Complete 
| 343|0x0000000095700000, 0x0000000095700000, 0x0000000095800000|  0%| F|  |TAMS 0x0000000095700000, 0x0000000095700000| Untracked 
| 344|0x0000000095800000, 0x0000000095800000, 0x0000000095900000|  0%| F|  |TAMS 0x0000000095800000, 0x0000000095800000| Untracked 
| 345|0x0000000095900000, 0x0000000095900000, 0x0000000095a00000|  0%| F|  |TAMS 0x0000000095900000, 0x0000000095900000| Untracked 
| 346|0x0000000095a00000, 0x0000000095a00000, 0x0000000095b00000|  0%| F|  |TAMS 0x0000000095a00000, 0x0000000095a00000| Untracked 
| 347|0x0000000095b00000, 0x0000000095b00000, 0x0000000095c00000|  0%| F|  |TAMS 0x0000000095b00000, 0x0000000095b00000| Untracked 
| 348|0x0000000095c00000, 0x0000000095c00000, 0x0000000095d00000|  0%| F|  |TAMS 0x0000000095c00000, 0x0000000095c00000| Untracked 
| 349|0x0000000095d00000, 0x0000000095d00000, 0x0000000095e00000|  0%| F|  |TAMS 0x0000000095d00000, 0x0000000095d00000| Untracked 
| 350|0x0000000095e00000, 0x0000000095e00000, 0x0000000095f00000|  0%| F|  |TAMS 0x0000000095e00000, 0x0000000095e00000| Untracked 
| 351|0x0000000095f00000, 0x0000000095f00000, 0x0000000096000000|  0%| F|  |TAMS 0x0000000095f00000, 0x0000000095f00000| Untracked 
| 352|0x0000000096000000, 0x0000000096000000, 0x0000000096100000|  0%| F|  |TAMS 0x0000000096000000, 0x0000000096000000| Untracked 
| 353|0x0000000096100000, 0x0000000096100000, 0x0000000096200000|  0%| F|  |TAMS 0x0000000096100000, 0x0000000096100000| Untracked 
| 354|0x0000000096200000, 0x0000000096200000, 0x0000000096300000|  0%| F|  |TAMS 0x0000000096200000, 0x0000000096200000| Untracked 
| 355|0x0000000096300000, 0x0000000096300000, 0x0000000096400000|  0%| F|  |TAMS 0x0000000096300000, 0x0000000096300000| Untracked 
| 356|0x0000000096400000, 0x0000000096400000, 0x0000000096500000|  0%| F|  |TAMS 0x0000000096400000, 0x0000000096400000| Untracked 
| 357|0x0000000096500000, 0x0000000096500000, 0x0000000096600000|  0%| F|  |TAMS 0x0000000096500000, 0x0000000096500000| Untracked 
| 358|0x0000000096600000, 0x0000000096600000, 0x0000000096700000|  0%| F|  |TAMS 0x0000000096600000, 0x0000000096600000| Untracked 
| 359|0x0000000096700000, 0x0000000096700000, 0x0000000096800000|  0%| F|  |TAMS 0x0000000096700000, 0x0000000096700000| Untracked 
| 360|0x0000000096800000, 0x0000000096800000, 0x0000000096900000|  0%| F|  |TAMS 0x0000000096800000, 0x0000000096800000| Untracked 

Card table byte_map: [0x0000020b196c0000,0x0000020b19ac0000] _byte_map_base: 0x0000020b192c0000

Marking Bits (Prev, Next): (CMBitMap*) 0x0000020b0618ce60, (CMBitMap*) 0x0000020b0618ce28
 Prev Bits: [0x0000020b1bec0000, 0x0000020b1dec0000)
 Next Bits: [0x0000020b19ec0000, 0x0000020b1bec0000)

Polling page: 0x0000020b06230000

Metaspace:

Usage:
  Non-class:    106.61 MB capacity,   104.59 MB ( 98%) used,     1.61 MB (  2%) free+waste,   419.63 KB ( <1%) overhead. 
      Class:     16.26 MB capacity,    15.05 MB ( 93%) used,     1.03 MB (  6%) free+waste,   184.19 KB (  1%) overhead. 
       Both:    122.88 MB capacity,   119.64 MB ( 97%) used,     2.65 MB (  2%) free+waste,   603.81 KB ( <1%) overhead. 

Virtual space:
  Non-class space:      108.00 MB reserved,     106.75 MB ( 99%) committed 
      Class space:        1.00 GB reserved,      16.38 MB (  2%) committed 
             Both:        1.11 GB reserved,     123.13 MB ( 11%) committed 

Chunk freelists:
   Non-Class:  11.00 KB
       Class:  4.00 KB
        Both:  15.00 KB

MaxMetaspaceSize: 17179869184.00 GB
CompressedClassSpaceSize: 1.00 GB
Initial GC threshold: 20.80 MB
Current GC threshold: 205.21 MB
CDS: off

CodeHeap 'non-profiled nmethods': size=120064Kb used=14370Kb max_used=14651Kb free=105693Kb
 bounds [0x0000020b11740000, 0x0000020b125a0000, 0x0000020b18c80000]
CodeHeap 'profiled nmethods': size=120000Kb used=46877Kb max_used=47376Kb free=73123Kb
 bounds [0x0000020b0a210000, 0x0000020b0d060000, 0x0000020b11740000]
CodeHeap 'non-nmethods': size=5696Kb used=2507Kb max_used=2565Kb free=3188Kb
 bounds [0x0000020b09c80000, 0x0000020b09f10000, 0x0000020b0a210000]
 total_blobs=21404 nmethods=20416 adapters=896
 compilation: enabled
              stopped_count=0, restarted_count=0
 full_count=0

Compilation events (20 events):
Event: 1364.655 Thread 0x0000020b2053b800 21944       2       com.android.tools.r8.graph.w2::a (18 bytes)
Event: 1364.659 Thread 0x0000020b2053b800 nmethod 21944 0x0000020b0d054490 code [0x0000020b0d054660, 0x0000020b0d0549d8]
Event: 1364.659 Thread 0x0000020b2053b800 21943       2       com.android.tools.r8.internal.Z6::<init> (15 bytes)
Event: 1364.660 Thread 0x0000020b2053b800 nmethod 21943 0x0000020b0d054c10 code [0x0000020b0d054dc0, 0x0000020b0d054eb8]
Event: 1364.729 Thread 0x0000020b20530800 nmethod 21919 0x0000020b1194ea90 code [0x0000020b1194ec60, 0x0000020b1194fe38]
Event: 1364.729 Thread 0x0000020b20530800 21893 %     4       com.android.tools.r8.internal.xa::a @ 2403 (4216 bytes)
Event: 1364.771 Thread 0x0000020b2053b800 21946       2       com.android.tools.r8.internal.Ka::a (16 bytes)
Event: 1364.792 Thread 0x0000020b2053b800 nmethod 21946 0x0000020b0d054f90 code [0x0000020b0d055140, 0x0000020b0d055268]
Event: 1364.792 Thread 0x0000020b2053b800 21951       2       com.android.tools.r8.internal.u6::<init> (151 bytes)
Event: 1364.792 Thread 0x0000020b2053b800 nmethod 21951 0x0000020b0d055310 code [0x0000020b0d0554c0, 0x0000020b0d055658]
Event: 1364.792 Thread 0x0000020b2053b800 21947       2       com.android.tools.r8.graph.w2::a (67 bytes)
Event: 1364.794 Thread 0x0000020b2053b800 nmethod 21947 0x0000020b0d055710 code [0x0000020b0d055960, 0x0000020b0d056068]
Event: 1364.817 Thread 0x0000020b2053b800 21954       2       com.android.tools.r8.internal.d1::<init> (5 bytes)
Event: 1364.998 Thread 0x0000020b2053b800 nmethod 21954 0x0000020b0a22f390 code [0x0000020b0a22f540, 0x0000020b0a22f638]
Event: 1364.998 Thread 0x0000020b2053b800 21957       2       java.util.HashMap::computeIfAbsent (330 bytes)
Event: 1365.628 Thread 0x0000020b2053b800 nmethod 21957 0x0000020b0a292290 code [0x0000020b0a292540, 0x0000020b0a293028]
Event: 1365.628 Thread 0x0000020b2053b800 21961       2       com.android.tools.r8.internal.w7::<init> (86 bytes)
Event: 1366.911 Thread 0x0000020b20530800 nmethod 21893% 0x0000020b1258ed90 code [0x0000020b1258f5a0, 0x0000020b12598430]
Event: 1366.911 Thread 0x0000020b2053b800 nmethod 21961 0x0000020b0a251290 code [0x0000020b0a251440, 0x0000020b0a2515d8]
Event: 1366.911 Thread 0x0000020b20530800 21959       4       java.util.HashMap::hash (20 bytes)

GC Heap History (20 events):
Event: 1354.711 GC heap after
{Heap after GC invocations=131 (full 0):
 garbage-first heap   total 369664K, used 111718K [0x0000000080000000, 0x0000000100000000)
  region size 1024K, 2 young (2048K), 2 survivors (2048K)
 Metaspace       used 121887K, capacity 125079K, committed 125184K, reserved 1157120K
  class space    used 15338K, capacity 16570K, committed 16640K, reserved 1048576K
}
Event: 1354.942 GC heap before
{Heap before GC invocations=131 (full 0):
 garbage-first heap   total 369664K, used 133222K [0x0000000080000000, 0x0000000100000000)
  region size 1024K, 18 young (18432K), 2 survivors (2048K)
 Metaspace       used 121917K, capacity 125218K, committed 125440K, reserved 1159168K
  class space    used 15341K, capacity 16573K, committed 16640K, reserved 1048576K
}
Event: 1354.954 GC heap after
{Heap after GC invocations=132 (full 0):
 garbage-first heap   total 369664K, used 105997K [0x0000000080000000, 0x0000000100000000)
  region size 1024K, 3 young (3072K), 3 survivors (3072K)
 Metaspace       used 121917K, capacity 125218K, committed 125440K, reserved 1159168K
  class space    used 15341K, capacity 16573K, committed 16640K, reserved 1048576K
}
Event: 1356.497 GC heap before
{Heap before GC invocations=132 (full 0):
 garbage-first heap   total 369664K, used 127501K [0x0000000080000000, 0x0000000100000000)
  region size 1024K, 24 young (24576K), 3 survivors (3072K)
 Metaspace       used 121925K, capacity 125220K, committed 125440K, reserved 1159168K
  class space    used 15341K, capacity 16574K, committed 16640K, reserved 1048576K
}
Event: 1356.549 GC heap after
{Heap after GC invocations=133 (full 0):
 garbage-first heap   total 369664K, used 109871K [0x0000000080000000, 0x0000000100000000)
  region size 1024K, 3 young (3072K), 3 survivors (3072K)
 Metaspace       used 121925K, capacity 125220K, committed 125440K, reserved 1159168K
  class space    used 15341K, capacity 16574K, committed 16640K, reserved 1048576K
}
Event: 1357.735 GC heap before
{Heap before GC invocations=134 (full 0):
 garbage-first heap   total 369664K, used 181551K [0x0000000080000000, 0x0000000100000000)
  region size 1024K, 74 young (75776K), 3 survivors (3072K)
 Metaspace       used 122122K, capacity 125486K, committed 125696K, reserved 1159168K
  class space    used 15361K, capacity 16617K, committed 16640K, reserved 1048576K
}
Event: 1357.935 GC heap after
{Heap after GC invocations=135 (full 0):
 garbage-first heap   total 369664K, used 130192K [0x0000000080000000, 0x0000000100000000)
  region size 1024K, 10 young (10240K), 10 survivors (10240K)
 Metaspace       used 122122K, capacity 125486K, committed 125696K, reserved 1159168K
  class space    used 15361K, capacity 16617K, committed 16640K, reserved 1048576K
}
Event: 1358.089 GC heap before
{Heap before GC invocations=135 (full 0):
 garbage-first heap   total 369664K, used 149648K [0x0000000080000000, 0x0000000100000000)
  region size 1024K, 30 young (30720K), 10 survivors (10240K)
 Metaspace       used 122179K, capacity 125504K, committed 125696K, reserved 1159168K
  class space    used 15366K, capacity 16623K, committed 16640K, reserved 1048576K
}
Event: 1358.137 GC heap after
{Heap after GC invocations=136 (full 0):
 garbage-first heap   total 369664K, used 133617K [0x0000000080000000, 0x0000000100000000)
  region size 1024K, 4 young (4096K), 4 survivors (4096K)
 Metaspace       used 122179K, capacity 125504K, committed 125696K, reserved 1159168K
  class space    used 15366K, capacity 16623K, committed 16640K, reserved 1048576K
}
Event: 1363.042 GC heap before
{Heap before GC invocations=137 (full 0):
 garbage-first heap   total 369664K, used 174577K [0x0000000080000000, 0x0000000100000000)
  region size 1024K, 44 young (45056K), 4 survivors (4096K)
 Metaspace       used 122418K, capacity 125765K, committed 126080K, reserved 1159168K
  class space    used 15403K, capacity 16653K, committed 16768K, reserved 1048576K
}
Event: 1363.148 GC heap after
{Heap after GC invocations=138 (full 0):
 garbage-first heap   total 369664K, used 143222K [0x0000000080000000, 0x0000000100000000)
  region size 1024K, 6 young (6144K), 6 survivors (6144K)
 Metaspace       used 122418K, capacity 125765K, committed 126080K, reserved 1159168K
  class space    used 15403K, capacity 16653K, committed 16768K, reserved 1048576K
}
Event: 1363.209 GC heap before
{Heap before GC invocations=138 (full 0):
 garbage-first heap   total 369664K, used 155510K [0x0000000080000000, 0x0000000100000000)
  region size 1024K, 18 young (18432K), 6 survivors (6144K)
 Metaspace       used 122461K, capacity 125829K, committed 126080K, reserved 1159168K
  class space    used 15406K, capacity 16653K, committed 16768K, reserved 1048576K
}
Event: 1363.868 GC heap after
{Heap after GC invocations=139 (full 0):
 garbage-first heap   total 369664K, used 144384K [0x0000000080000000, 0x0000000100000000)
  region size 1024K, 3 young (3072K), 3 survivors (3072K)
 Metaspace       used 122461K, capacity 125829K, committed 126080K, reserved 1159168K
  class space    used 15406K, capacity 16653K, committed 16768K, reserved 1048576K
}
Event: 1364.006 GC heap before
{Heap before GC invocations=139 (full 0):
 garbage-first heap   total 369664K, used 159744K [0x0000000080000000, 0x0000000100000000)
  region size 1024K, 18 young (18432K), 3 survivors (3072K)
 Metaspace       used 122499K, capacity 125835K, committed 126080K, reserved 1159168K
  class space    used 15409K, capacity 16655K, committed 16768K, reserved 1048576K
}
Event: 1364.218 GC heap after
{Heap after GC invocations=140 (full 0):
 garbage-first heap   total 369664K, used 147824K [0x0000000080000000, 0x0000000100000000)
  region size 1024K, 3 young (3072K), 3 survivors (3072K)
 Metaspace       used 122499K, capacity 125835K, committed 126080K, reserved 1159168K
  class space    used 15409K, capacity 16655K, committed 16768K, reserved 1048576K
}
Event: 1365.109 GC heap before
{Heap before GC invocations=140 (full 0):
 garbage-first heap   total 369664K, used 211312K [0x0000000080000000, 0x0000000100000000)
  region size 1024K, 65 young (66560K), 3 survivors (3072K)
 Metaspace       used 122502K, capacity 125815K, committed 126080K, reserved 1159168K
  class space    used 15407K, capacity 16648K, committed 16768K, reserved 1048576K
}
Event: 1365.621 GC heap after
{Heap after GC invocations=141 (full 0):
 garbage-first heap   total 369664K, used 159477K [0x0000000080000000, 0x0000000100000000)
  region size 1024K, 9 young (9216K), 9 survivors (9216K)
 Metaspace       used 122502K, capacity 125815K, committed 126080K, reserved 1159168K
  class space    used 15407K, capacity 16648K, committed 16768K, reserved 1048576K
}
Event: 1365.746 GC heap before
{Heap before GC invocations=141 (full 0):
 garbage-first heap   total 369664K, used 171765K [0x0000000080000000, 0x0000000100000000)
  region size 1024K, 22 young (22528K), 9 survivors (9216K)
 Metaspace       used 122502K, capacity 125815K, committed 126080K, reserved 1159168K
  class space    used 15407K, capacity 16648K, committed 16768K, reserved 1048576K
}
Event: 1366.907 GC heap after
{Heap after GC invocations=142 (full 0):
 garbage-first heap   total 369664K, used 163048K [0x0000000080000000, 0x0000000100000000)
  region size 1024K, 3 young (3072K), 3 survivors (3072K)
 Metaspace       used 122502K, capacity 125815K, committed 126080K, reserved 1159168K
  class space    used 15407K, capacity 16648K, committed 16768K, reserved 1048576K
}
Event: 1367.009 GC heap before
{Heap before GC invocations=142 (full 0):
 garbage-first heap   total 369664K, used 178408K [0x0000000080000000, 0x0000000100000000)
  region size 1024K, 18 young (18432K), 3 survivors (3072K)
 Metaspace       used 122509K, capacity 125824K, committed 126080K, reserved 1159168K
  class space    used 15409K, capacity 16651K, committed 16768K, reserved 1048576K
}

Deoptimization events (20 events):
Event: 1364.908 Thread 0x0000020b27556800 DEOPT PACKING pc=0x0000020b11ec81c0 sp=0x00000035ad3fa6a0
Event: 1364.908 Thread 0x0000020b27556800 DEOPT UNPACKING pc=0x0000020b09cca1af sp=0x00000035ad3fa638 mode 2
Event: 1364.909 Thread 0x0000020b2755a800 DEOPT PACKING pc=0x0000020b11945484 sp=0x00000035ad4f9870
Event: 1364.909 Thread 0x0000020b2755a800 DEOPT UNPACKING pc=0x0000020b09cca1af sp=0x00000035ad4f9828 mode 2
Event: 1364.985 Thread 0x0000020b2755a800 DEOPT PACKING pc=0x0000020b0bd57555 sp=0x00000035ad4f9b00
Event: 1364.985 Thread 0x0000020b2755a800 DEOPT UNPACKING pc=0x0000020b09cca95e sp=0x00000035ad4f9290 mode 0
Event: 1365.019 Thread 0x0000020b27556800 DEOPT PACKING pc=0x0000020b0bd57555 sp=0x00000035ad3f9aa0
Event: 1365.019 Thread 0x0000020b27556800 DEOPT UNPACKING pc=0x0000020b09cca95e sp=0x00000035ad3f9230 mode 0
Event: 1365.641 Thread 0x0000020b2755a800 DEOPT PACKING pc=0x0000020b0bd574d1 sp=0x00000035ad4f9b00
Event: 1365.641 Thread 0x0000020b2755a800 DEOPT UNPACKING pc=0x0000020b09cca95e sp=0x00000035ad4f9290 mode 0
Event: 1365.650 Thread 0x0000020b2755a800 DEOPT PACKING pc=0x0000020b0bd57555 sp=0x00000035ad4f9b00
Event: 1365.650 Thread 0x0000020b2755a800 DEOPT UNPACKING pc=0x0000020b09cca95e sp=0x00000035ad4f9290 mode 0
Event: 1365.655 Thread 0x0000020b2755a800 DEOPT PACKING pc=0x0000020b0bd57555 sp=0x00000035ad4f9b00
Event: 1365.656 Thread 0x0000020b2755a800 DEOPT UNPACKING pc=0x0000020b09cca95e sp=0x00000035ad4f9290 mode 0
Event: 1365.673 Thread 0x0000020b2755a800 DEOPT PACKING pc=0x0000020b0bd57555 sp=0x00000035ad4f9b00
Event: 1365.673 Thread 0x0000020b2755a800 DEOPT UNPACKING pc=0x0000020b09cca95e sp=0x00000035ad4f9290 mode 0
Event: 1366.916 Thread 0x0000020b29c86800 DEOPT PACKING pc=0x0000020b0bd57534 sp=0x00000035ae1f98f0
Event: 1366.916 Thread 0x0000020b29c86800 DEOPT UNPACKING pc=0x0000020b09cca95e sp=0x00000035ae1f9080 mode 0
Event: 1366.920 Thread 0x0000020b29c86800 DEOPT PACKING pc=0x0000020b0bd57555 sp=0x00000035ae1f98f0
Event: 1366.920 Thread 0x0000020b29c86800 DEOPT UNPACKING pc=0x0000020b09cca95e sp=0x00000035ae1f9080 mode 0

Classes redefined (0 events):
No events

Internal exceptions (20 events):
Event: 1240.433 Thread 0x0000020b24c05800 Exception <a 'sun/nio/fs/WindowsException'{0x0000000094dc5328}> (0x0000000094dc5328) thrown at [./src/hotspot/share/prims/jni.cpp, line 615]
Event: 1240.846 Thread 0x0000020b24c09800 Exception <a 'sun/nio/fs/WindowsException'{0x0000000094c4d010}> (0x0000000094c4d010) thrown at [./src/hotspot/share/prims/jni.cpp, line 615]
Event: 1241.065 Thread 0x0000020b24c09800 Exception <a 'sun/nio/fs/WindowsException'{0x0000000096849e40}> (0x0000000096849e40) thrown at [./src/hotspot/share/prims/jni.cpp, line 615]
Event: 1244.415 Thread 0x0000020b29c82800 Exception <a 'sun/nio/fs/WindowsException'{0x0000000095fe3be8}> (0x0000000095fe3be8) thrown at [./src/hotspot/share/prims/jni.cpp, line 615]
Event: 1244.415 Thread 0x0000020b29c82800 Exception <a 'sun/nio/fs/WindowsException'{0x0000000095fe3c68}> (0x0000000095fe3c68) thrown at [./src/hotspot/share/prims/jni.cpp, line 615]
Event: 1244.416 Thread 0x0000020b29c82800 Exception <a 'sun/nio/fs/WindowsException'{0x0000000095fe55d0}> (0x0000000095fe55d0) thrown at [./src/hotspot/share/prims/jni.cpp, line 615]
Event: 1341.574 Thread 0x0000020b2754c000 Exception <a 'sun/nio/fs/WindowsException'{0x0000000094387c70}> (0x0000000094387c70) thrown at [./src/hotspot/share/prims/jni.cpp, line 615]
Event: 1342.368 Thread 0x0000020b2754c000 Exception <a 'java/lang/NoClassDefFoundError'{0x00000000940ffb18}: org/jetbrains/kotlin/gradle/plugin/KotlinBasePluginWrapper> (0x00000000940ffb18) thrown at [./src/hotspot/share/oops/constantPool.cpp, line 775]
Event: 1342.681 Thread 0x0000020b2754c000 Exception <a 'sun/nio/fs/WindowsException'{0x0000000093db6f98}> (0x0000000093db6f98) thrown at [./src/hotspot/share/prims/jni.cpp, line 615]
Event: 1342.733 Thread 0x0000020b2754c000 Exception <a 'sun/nio/fs/WindowsException'{0x0000000093c5a4f0}> (0x0000000093c5a4f0) thrown at [./src/hotspot/share/prims/jni.cpp, line 615]
Event: 1342.734 Thread 0x0000020b2754c000 Exception <a 'sun/nio/fs/WindowsException'{0x0000000093c5b7e8}> (0x0000000093c5b7e8) thrown at [./src/hotspot/share/prims/jni.cpp, line 615]
Event: 1342.734 Thread 0x0000020b2754c000 Exception <a 'sun/nio/fs/WindowsException'{0x0000000093c5cb30}> (0x0000000093c5cb30) thrown at [./src/hotspot/share/prims/jni.cpp, line 615]
Event: 1342.734 Thread 0x0000020b2754c000 Exception <a 'sun/nio/fs/WindowsException'{0x0000000093c5de78}> (0x0000000093c5de78) thrown at [./src/hotspot/share/prims/jni.cpp, line 615]
Event: 1356.727 Thread 0x0000020b29c85800 Exception <a 'sun/nio/fs/WindowsException'{0x00000000965a9c08}> (0x00000000965a9c08) thrown at [./src/hotspot/share/prims/jni.cpp, line 615]
Event: 1356.783 Thread 0x0000020b27556800 Exception <a 'sun/nio/fs/WindowsException'{0x0000000095964eb8}> (0x0000000095964eb8) thrown at [./src/hotspot/share/prims/jni.cpp, line 615]
Event: 1356.840 Thread 0x0000020b29c86800 Exception <a 'sun/nio/fs/WindowsException'{0x000000009521c3c8}> (0x000000009521c3c8) thrown at [./src/hotspot/share/prims/jni.cpp, line 615]
Event: 1357.239 Thread 0x0000020b2755a800 Exception <a 'sun/nio/fs/WindowsException'{0x0000000093a9f820}> (0x0000000093a9f820) thrown at [./src/hotspot/share/prims/jni.cpp, line 615]
Event: 1357.433 Thread 0x0000020b29c85800 Exception <a 'java/lang/NoSuchMethodError'{0x00000000928c7de8}: 'long java.lang.invoke.DirectMethodHandle$Holder.invokeStatic(java.lang.Object, java.lang.Object)'> (0x00000000928c7de8) thrown at [./src/hotspot/share/interpreter/linkResolver.cpp, line 773]
Event: 1357.445 Thread 0x0000020b27556800 Exception <a 'java/lang/NoSuchMethodError'{0x0000000092443628}: 'long java.lang.invoke.DirectMethodHandle$Holder.invokeStatic(java.lang.Object, java.lang.Object)'> (0x0000000092443628) thrown at [./src/hotspot/share/interpreter/linkResolver.cpp, line 773]
Event: 1358.162 Thread 0x0000020b29c85800 Exception <a 'java/lang/IncompatibleClassChangeError'{0x0000000096809dd8}: Found class java.lang.Object, but interface was expected> (0x0000000096809dd8) thrown at [./src/hotspot/share/interpreter/linkResolver.cpp, line 839]

Events (20 events):
Event: 1366.912 Thread 0x0000020b20544800 flushing nmethod 0x0000020b0a791590
Event: 1366.912 Thread 0x0000020b20544800 flushing nmethod 0x0000020b0a795810
Event: 1366.912 Thread 0x0000020b20544800 flushing nmethod 0x0000020b0a796190
Event: 1366.912 Thread 0x0000020b20544800 flushing nmethod 0x0000020b0a797510
Event: 1366.912 Thread 0x0000020b20544800 flushing nmethod 0x0000020b0a797b90
Event: 1366.912 Thread 0x0000020b20544800 flushing nmethod 0x0000020b0a7b0e90
Event: 1366.912 Thread 0x0000020b20544800 flushing nmethod 0x0000020b0a7b6f10
Event: 1366.912 Thread 0x0000020b20544800 flushing nmethod 0x0000020b0a7bc710
Event: 1366.912 Thread 0x0000020b20544800 flushing nmethod 0x0000020b0a7c8810
Event: 1366.913 loading class com/android/tools/r8/internal/l7
Event: 1366.913 loading class com/android/tools/r8/internal/l7 done
Event: 1366.913 loading class com/android/tools/r8/internal/f7
Event: 1366.913 loading class com/android/tools/r8/internal/f7 done
Event: 1366.913 loading class com/android/tools/r8/internal/l7
Event: 1366.913 loading class com/android/tools/r8/internal/l7 done
Event: 1366.913 loading class com/android/tools/r8/internal/l7
Event: 1366.913 loading class com/android/tools/r8/internal/l7 done
Event: 1366.922 loading class com/android/tools/r8/internal/l7
Event: 1366.922 loading class com/android/tools/r8/internal/l7 done
Event: 1366.966 Executing VM operation: G1CollectForAllocation


Dynamic libraries:
0x00007ff707560000 - 0x00007ff70756a000 	C:\Program Files\Android\Android Studio\jre\bin\java.exe
0x00007ff93d2f0000 - 0x00007ff93d4e5000 	C:\Windows\SYSTEM32\ntdll.dll
0x00007ff93c170000 - 0x00007ff93c22e000 	C:\Windows\System32\KERNEL32.DLL
0x00007ff93aea0000 - 0x00007ff93b168000 	C:\Windows\System32\KERNELBASE.dll
0x00007ff93b250000 - 0x00007ff93b350000 	C:\Windows\System32\ucrtbase.dll
0x00007ff936430000 - 0x00007ff936447000 	C:\Program Files\Android\Android Studio\jre\bin\VCRUNTIME140.dll
0x00007ff91eae0000 - 0x00007ff91eaf9000 	C:\Program Files\Android\Android Studio\jre\bin\jli.dll
0x00007ff93c5b0000 - 0x00007ff93c750000 	C:\Windows\System32\USER32.dll
0x00007ff91ecd0000 - 0x00007ff91ef6a000 	C:\Windows\WinSxS\amd64_microsoft.windows.common-controls_6595b64144ccf1df_6.0.19041.1110_none_60b5254171f9507e\COMCTL32.dll
0x00007ff93b170000 - 0x00007ff93b192000 	C:\Windows\System32\win32u.dll
0x00007ff93b350000 - 0x00007ff93b3ee000 	C:\Windows\System32\msvcrt.dll
0x00007ff93b910000 - 0x00007ff93b93a000 	C:\Windows\System32\GDI32.dll
0x00007ff93acd0000 - 0x00007ff93addb000 	C:\Windows\System32\gdi32full.dll
0x00007ff93aad0000 - 0x00007ff93ab6d000 	C:\Windows\System32\msvcp_win.dll
0x00007ff93c580000 - 0x00007ff93c5b0000 	C:\Windows\System32\IMM32.DLL
0x00007ff928eb0000 - 0x00007ff928f4d000 	C:\Program Files\Android\Android Studio\jre\bin\msvcp140.dll
0x00007ff904490000 - 0x00007ff904f75000 	C:\Program Files\Android\Android Studio\jre\bin\server\jvm.dll
0x00007ff93b860000 - 0x00007ff93b90e000 	C:\Windows\System32\ADVAPI32.dll
0x00007ff93d000000 - 0x00007ff93d09c000 	C:\Windows\System32\sechost.dll
0x00007ff93cda0000 - 0x00007ff93cec5000 	C:\Windows\System32\RPCRT4.dll
0x00007ff93d0b0000 - 0x00007ff93d0b8000 	C:\Windows\System32\PSAPI.DLL
0x00007ff91d6f0000 - 0x00007ff91d717000 	C:\Windows\SYSTEM32\WINMM.dll
0x00007ff933020000 - 0x00007ff93302a000 	C:\Windows\SYSTEM32\VERSION.dll
0x00007ff935aa0000 - 0x00007ff935aa9000 	C:\Windows\SYSTEM32\WSOCK32.dll
0x00007ff93ccd0000 - 0x00007ff93cd3b000 	C:\Windows\System32\WS2_32.dll
0x00007ff938930000 - 0x00007ff938942000 	C:\Windows\SYSTEM32\kernel.appcore.dll
0x00007ff935a80000 - 0x00007ff935a91000 	C:\Program Files\Android\Android Studio\jre\bin\verify.dll
0x00007ff91d4a0000 - 0x00007ff91d684000 	C:\Windows\SYSTEM32\DBGHELP.DLL
0x00007ff91d380000 - 0x00007ff91d3ac000 	C:\Windows\SYSTEM32\dbgcore.DLL
0x00007ff93ade0000 - 0x00007ff93ae62000 	C:\Windows\System32\bcryptPrimitives.dll
0x00007ff929890000 - 0x00007ff9298b9000 	C:\Program Files\Android\Android Studio\jre\bin\java.dll
0x00007ff9291c0000 - 0x00007ff9291cb000 	C:\Program Files\Android\Android Studio\jre\bin\jimage.dll
0x00007ff9291a0000 - 0x00007ff9291b8000 	C:\Program Files\Android\Android Studio\jre\bin\zip.dll
0x00007ff93b940000 - 0x00007ff93c084000 	C:\Windows\System32\SHELL32.dll
0x00007ff938b30000 - 0x00007ff9392c4000 	C:\Windows\SYSTEM32\windows.storage.dll
0x00007ff93c760000 - 0x00007ff93cab4000 	C:\Windows\System32\combase.dll
0x00007ff93a480000 - 0x00007ff93a4ac000 	C:\Windows\SYSTEM32\Wldp.dll
0x00007ff93d0c0000 - 0x00007ff93d16d000 	C:\Windows\System32\SHCORE.dll
0x00007ff93cd40000 - 0x00007ff93cd95000 	C:\Windows\System32\shlwapi.dll
0x00007ff93a950000 - 0x00007ff93a96f000 	C:\Windows\SYSTEM32\profapi.dll
0x00007ff929180000 - 0x00007ff92919a000 	C:\Program Files\Android\Android Studio\jre\bin\net.dll
0x00007ff92b6a0000 - 0x00007ff92b7aa000 	C:\Windows\SYSTEM32\WINHTTP.dll
0x00007ff93a110000 - 0x00007ff93a17a000 	C:\Windows\system32\mswsock.dll
0x00007ff929160000 - 0x00007ff929174000 	C:\Program Files\Android\Android Studio\jre\bin\nio.dll
0x00007ff9090e0000 - 0x00007ff909107000 	C:\Users\User\.gradle\native\e1d6ef7f7dcc3fd88c89a11ec53ec762bb8ba0a96d01ffa2cd45eb1d1d8dd5c5\windows-amd64\native-platform.dll
0x00007ff905570000 - 0x00007ff9056b4000 	C:\Users\User\.gradle\native\5664cfc778a61ccfe75a443a1ab52a65af34e5dc3c78e0209fed803814484fcb\windows-amd64\native-platform-file-events.dll
0x00007ff929150000 - 0x00007ff92915a000 	C:\Program Files\Android\Android Studio\jre\bin\management.dll
0x00007ff929140000 - 0x00007ff92914d000 	C:\Program Files\Android\Android Studio\jre\bin\management_ext.dll
0x00007ff93a310000 - 0x00007ff93a328000 	C:\Windows\SYSTEM32\CRYPTSP.dll
0x00007ff939a90000 - 0x00007ff939ac4000 	C:\Windows\system32\rsaenh.dll
0x00007ff93ae70000 - 0x00007ff93ae97000 	C:\Windows\System32\bcrypt.dll
0x00007ff93a8d0000 - 0x00007ff93a8fe000 	C:\Windows\SYSTEM32\USERENV.dll
0x00007ff93a300000 - 0x00007ff93a30c000 	C:\Windows\SYSTEM32\CRYPTBASE.dll
0x00007ff939e00000 - 0x00007ff939e3b000 	C:\Windows\SYSTEM32\IPHLPAPI.DLL
0x00007ff93d0a0000 - 0x00007ff93d0a8000 	C:\Windows\System32\NSI.dll
0x00007ff92c3d0000 - 0x00007ff92c3e7000 	C:\Windows\SYSTEM32\dhcpcsvc6.DLL
0x00007ff92c970000 - 0x00007ff92c98d000 	C:\Windows\SYSTEM32\dhcpcsvc.DLL
0x00007ff939e40000 - 0x00007ff939f0b000 	C:\Windows\SYSTEM32\DNSAPI.dll
0x00007ff939720000 - 0x00007ff939753000 	C:\Windows\SYSTEM32\ntmarta.dll
0x00007ff91f100000 - 0x00007ff91f127000 	C:\Program Files\Android\Android Studio\jre\bin\sunec.dll

dbghelp: loaded successfully - version: 4.0.5 - missing functions: none
symbol engine: initialized successfully - sym options: 0x614 - pdb path: .;C:\Program Files\Android\Android Studio\jre\bin;C:\Windows\SYSTEM32;C:\Windows\WinSxS\amd64_microsoft.windows.common-controls_6595b64144ccf1df_6.0.19041.1110_none_60b5254171f9507e;C:\Program Files\Android\Android Studio\jre\bin\server;C:\Users\User\.gradle\native\e1d6ef7f7dcc3fd88c89a11ec53ec762bb8ba0a96d01ffa2cd45eb1d1d8dd5c5\windows-amd64;C:\Users\User\.gradle\native\5664cfc778a61ccfe75a443a1ab52a65af34e5dc3c78e0209fed803814484fcb\windows-amd64

VM Arguments:
jvm_args: --add-opens=java.base/java.util=ALL-UNNAMED --add-opens=java.base/java.lang=ALL-UNNAMED --add-opens=java.base/java.lang.invoke=ALL-UNNAMED --add-opens=java.base/java.util=ALL-UNNAMED --add-opens=java.prefs/java.util.prefs=ALL-UNNAMED --add-opens=java.prefs/java.util.prefs=ALL-UNNAMED --add-opens=java.base/java.nio.charset=ALL-UNNAMED --add-opens=java.base/java.net=ALL-UNNAMED --add-opens=java.base/java.util.concurrent.atomic=ALL-UNNAMED -Xmx2048m -Dfile.encoding=UTF-8 -Duser.country=RU -Duser.language=ru -Duser.variant 
java_command: org.gradle.launcher.daemon.bootstrap.GradleDaemon 7.3.3
java_class_path (initial): C:\Users\User\.gradle\wrapper\dists\gradle-7.3.3-bin\6a41zxkdtcxs8rphpq6y0069z\gradle-7.3.3\lib\gradle-launcher-7.3.3.jar
Launcher Type: SUN_STANDARD

[Global flags]
     intx CICompilerCount                          = 3                                         {product} {ergonomic}
     uint ConcGCThreads                            = 1                                         {product} {ergonomic}
     uint G1ConcRefinementThreads                  = 4                                         {product} {ergonomic}
   size_t G1HeapRegionSize                         = 1048576                                   {product} {ergonomic}
    uintx GCDrainStackTargetSize                   = 64                                        {product} {ergonomic}
   size_t InitialHeapSize                          = 65011712                                  {product} {ergonomic}
   size_t MarkStackSize                            = 4194304                                   {product} {ergonomic}
   size_t MaxHeapSize                              = 2147483648                                {product} {command line}
   size_t MaxNewSize                               = 1287651328                                {product} {ergonomic}
   size_t MinHeapDeltaBytes                        = 1048576                                   {product} {ergonomic}
    uintx NonNMethodCodeHeapSize                   = 5830732                                {pd product} {ergonomic}
    uintx NonProfiledCodeHeapSize                  = 122913754                              {pd product} {ergonomic}
    uintx ProfiledCodeHeapSize                     = 122913754                              {pd product} {ergonomic}
    uintx ReservedCodeCacheSize                    = 251658240                              {pd product} {ergonomic}
     bool SegmentedCodeCache                       = true                                      {product} {ergonomic}
     bool UseCompressedClassPointers               = true                                 {lp64_product} {ergonomic}
     bool UseCompressedOops                        = true                                 {lp64_product} {ergonomic}
     bool UseG1GC                                  = true                                      {product} {ergonomic}
     bool UseLargePagesIndividualAllocation        = false                                  {pd product} {ergonomic}

Logging:
Log output configuration:
 #0: stdout all=warning uptime,level,tags
 #1: stderr all=off uptime,level,tags

Environment Variables:
JAVA_HOME=C:\Program Files\Java\jdk-17.0.2
PATH=C:\Program Files\Common Files\Oracle\Java\javapath;C:\Windows\system32;C:\Windows;C:\Windows\System32\Wbem;C:\Windows\System32\WindowsPowerShell\v1.0\;C:\Windows\System32\OpenSSH\;C:\Program Files\7-Zip;C:\Program Files\Java\jdk-17.0.2\bin;C:\Program Files (x86)\Autodesk\Backburner\;C:\Program Files (x86)\Common Files\Autodesk Shared\;C:\Program Files\Common Files\Autodesk Shared\;C:\Program Files\Git\cmd;C:\Users\User\AppData\Local\Microsoft\WindowsApps;C:\Program Files (x86)\CodeBlocks\MinGW\bin;
USERNAME=User
OS=Windows_NT
PROCESSOR_IDENTIFIER=Intel64 Family 6 Model 78 Stepping 3, GenuineIntel



---------------  S Y S T E M  ---------------

OS: Windows 10 , 64 bit Build 19041 (10.0.19041.1645)
OS uptime: 0 days 5:00 hours

CPU:total 4 (initial active 4) (2 cores per cpu, 2 threads per core) family 6 model 78 stepping 3 microcode 0xcc, cmov, cx8, fxsr, mmx, sse, sse2, sse3, ssse3, sse4.1, sse4.2, popcnt, avx, avx2, aes, clmul, erms, 3dnowpref, lzcnt, ht, tsc, tscinvbit, bmi1, bmi2, adx, fma

Memory: 4k page, system-wide physical 3915M (347M free)
TotalPageFile size 5963M (AvailPageFile size 564M)
current process WorkingSet (physical memory assigned to process): 603M, peak: 608M
current process commit charge ("private bytes"): 803M, peak: 1465M

vm_info: OpenJDK 64-Bit Server VM (11.0.12+7-b1504.28-7817840) for windows-amd64 JRE (11.0.12+7-b1504.28-7817840), built on Oct 13 2021 22:12:33 by "builder" with MS VC++ 14.0 (VS2015)

END.
